[3.066s] Invoking command in '/root/s_curve_ws/src/s_curve_launch_pkg': PYTHONPATH=/root/s_curve_ws/build/s_curve_launch_pkg/prefix_override:/usr/lib/python3/dist-packages/colcon_core/task/python/colcon_distutils_commands:/root/s_curve_ws/install/s_curve_launch_pkg/lib/python3.10/site-packages:${PYTHONPATH} /usr/bin/python3 -W ignore:setup.py install is deprecated -W ignore:easy_install command is deprecated setup.py egg_info --egg-base ../../build/s_curve_launch_pkg build --build-base /root/s_curve_ws/build/s_curve_launch_pkg/build install --record /root/s_curve_ws/build/s_curve_launch_pkg/install.log --single-version-externally-managed install_data
[3.570s] running egg_info
[3.570s] writing ../../build/s_curve_launch_pkg/s_curve_launch_pkg.egg-info/PKG-INFO
[3.571s] writing dependency_links to ../../build/s_curve_launch_pkg/s_curve_launch_pkg.egg-info/dependency_links.txt
[3.573s] writing entry points to ../../build/s_curve_launch_pkg/s_curve_launch_pkg.egg-info/entry_points.txt
[3.574s] writing requirements to ../../build/s_curve_launch_pkg/s_curve_launch_pkg.egg-info/requires.txt
[3.579s] writing top-level names to ../../build/s_curve_launch_pkg/s_curve_launch_pkg.egg-info/top_level.txt
[3.585s] reading manifest file '../../build/s_curve_launch_pkg/s_curve_launch_pkg.egg-info/SOURCES.txt'
[3.585s] writing manifest file '../../build/s_curve_launch_pkg/s_curve_launch_pkg.egg-info/SOURCES.txt'
[3.596s] running build
[3.597s] running build_py
[3.597s] running install
[3.598s] running install_lib
[3.598s] running install_data
[3.598s] running install_egg_info
[3.598s] removing '/root/s_curve_ws/install/s_curve_launch_pkg/lib/python3.10/site-packages/s_curve_launch_pkg-0.0.0-py3.10.egg-info' (and everything under it)
[3.603s] Copying ../../build/s_curve_launch_pkg/s_curve_launch_pkg.egg-info to /root/s_curve_ws/install/s_curve_launch_pkg/lib/python3.10/site-packages/s_curve_launch_pkg-0.0.0-py3.10.egg-info
[3.603s] running install_scripts
[3.680s] writing list of installed files to '/root/s_curve_ws/build/s_curve_launch_pkg/install.log'
[3.748s] Invoked command in '/root/s_curve_ws/src/s_curve_launch_pkg' returned '0': PYTHONPATH=/root/s_curve_ws/build/s_curve_launch_pkg/prefix_override:/usr/lib/python3/dist-packages/colcon_core/task/python/colcon_distutils_commands:/root/s_curve_ws/install/s_curve_launch_pkg/lib/python3.10/site-packages:${PYTHONPATH} /usr/bin/python3 -W ignore:setup.py install is deprecated -W ignore:easy_install command is deprecated setup.py egg_info --egg-base ../../build/s_curve_launch_pkg build --build-base /root/s_curve_ws/build/s_curve_launch_pkg/build install --record /root/s_curve_ws/build/s_curve_launch_pkg/install.log --single-version-externally-managed install_data
