[4.538s] Invoking command in '/root/s_curve_ws/src/erp42_driver_pkg': PYTHONPATH=/root/s_curve_ws/build/erp42_driver_pkg/prefix_override:/usr/lib/python3/dist-packages/colcon_core/task/python/colcon_distutils_commands:/root/s_curve_ws/install/erp42_driver_pkg/lib/python3.10/site-packages:${PYTHONPATH} /usr/bin/python3 -W ignore:setup.py install is deprecated -W ignore:easy_install command is deprecated setup.py egg_info --egg-base ../../build/erp42_driver_pkg build --build-base /root/s_curve_ws/build/erp42_driver_pkg/build install --record /root/s_curve_ws/build/erp42_driver_pkg/install.log --single-version-externally-managed install_data
[5.180s] running egg_info
[5.182s] writing ../../build/erp42_driver_pkg/erp42_driver_pkg.egg-info/PKG-INFO
[5.182s] writing dependency_links to ../../build/erp42_driver_pkg/erp42_driver_pkg.egg-info/dependency_links.txt
[5.184s] writing entry points to ../../build/erp42_driver_pkg/erp42_driver_pkg.egg-info/entry_points.txt
[5.185s] writing requirements to ../../build/erp42_driver_pkg/erp42_driver_pkg.egg-info/requires.txt
[5.185s] writing top-level names to ../../build/erp42_driver_pkg/erp42_driver_pkg.egg-info/top_level.txt
[5.187s] reading manifest file '../../build/erp42_driver_pkg/erp42_driver_pkg.egg-info/SOURCES.txt'
[5.239s] writing manifest file '../../build/erp42_driver_pkg/erp42_driver_pkg.egg-info/SOURCES.txt'
[5.239s] running build
[5.239s] running build_py
[5.242s] running install
[5.242s] running install_lib
[5.247s] running install_data
[5.247s] running install_egg_info
[5.249s] removing '/root/s_curve_ws/install/erp42_driver_pkg/lib/python3.10/site-packages/erp42_driver_pkg-0.0.0-py3.10.egg-info' (and everything under it)
[5.252s] Copying ../../build/erp42_driver_pkg/erp42_driver_pkg.egg-info to /root/s_curve_ws/install/erp42_driver_pkg/lib/python3.10/site-packages/erp42_driver_pkg-0.0.0-py3.10.egg-info
[5.273s] running install_scripts
[5.316s] Installing erp42_driver_node script to /root/s_curve_ws/install/erp42_driver_pkg/lib/erp42_driver_pkg
[5.321s] writing list of installed files to '/root/s_curve_ws/build/erp42_driver_pkg/install.log'
[5.524s] Invoked command in '/root/s_curve_ws/src/erp42_driver_pkg' returned '0': PYTHONPATH=/root/s_curve_ws/build/erp42_driver_pkg/prefix_override:/usr/lib/python3/dist-packages/colcon_core/task/python/colcon_distutils_commands:/root/s_curve_ws/install/erp42_driver_pkg/lib/python3.10/site-packages:${PYTHONPATH} /usr/bin/python3 -W ignore:setup.py install is deprecated -W ignore:easy_install command is deprecated setup.py egg_info --egg-base ../../build/erp42_driver_pkg build --build-base /root/s_curve_ws/build/erp42_driver_pkg/build install --record /root/s_curve_ws/build/erp42_driver_pkg/install.log --single-version-externally-managed install_data
