running develop
Removing /root/s_curve_ws/install/path_generation_pkg/lib/python3.10/site-packages/path-generation-pkg.egg-link (link to .)
running egg_info
writing ../../build/path_generation_pkg/path_generation_pkg.egg-info/PKG-INFO
writing dependency_links to ../../build/path_generation_pkg/path_generation_pkg.egg-info/dependency_links.txt
writing entry points to ../../build/path_generation_pkg/path_generation_pkg.egg-info/entry_points.txt
writing requirements to ../../build/path_generation_pkg/path_generation_pkg.egg-info/requires.txt
writing top-level names to ../../build/path_generation_pkg/path_generation_pkg.egg-info/top_level.txt
reading manifest file '../../build/path_generation_pkg/path_generation_pkg.egg-info/SOURCES.txt'
writing manifest file '../../build/path_generation_pkg/path_generation_pkg.egg-info/SOURCES.txt'
running build
running build_py
creating /root/s_curve_ws/build/path_generation_pkg/build
creating /root/s_curve_ws/build/path_generation_pkg/build/lib
creating /root/s_curve_ws/build/path_generation_pkg/build/lib/path_generation_pkg
copying path_generation_pkg/path_generation_node.py -> /root/s_curve_ws/build/path_generation_pkg/build/lib/path_generation_pkg
copying path_generation_pkg/__init__.py -> /root/s_curve_ws/build/path_generation_pkg/build/lib/path_generation_pkg
running install
running install_lib
creating /root/s_curve_ws/install/path_generation_pkg/lib/python3.10/site-packages/path_generation_pkg
copying /root/s_curve_ws/build/path_generation_pkg/build/lib/path_generation_pkg/path_generation_node.py -> /root/s_curve_ws/install/path_generation_pkg/lib/python3.10/site-packages/path_generation_pkg
copying /root/s_curve_ws/build/path_generation_pkg/build/lib/path_generation_pkg/__init__.py -> /root/s_curve_ws/install/path_generation_pkg/lib/python3.10/site-packages/path_generation_pkg
byte-compiling /root/s_curve_ws/install/path_generation_pkg/lib/python3.10/site-packages/path_generation_pkg/path_generation_node.py to path_generation_node.cpython-310.pyc
byte-compiling /root/s_curve_ws/install/path_generation_pkg/lib/python3.10/site-packages/path_generation_pkg/__init__.py to __init__.cpython-310.pyc
running install_data
copying resource/path_generation_pkg -> /root/s_curve_ws/install/path_generation_pkg/share/ament_index/resource_index/packages
copying package.xml -> /root/s_curve_ws/install/path_generation_pkg/share/path_generation_pkg
running install_egg_info
Copying ../../build/path_generation_pkg/path_generation_pkg.egg-info to /root/s_curve_ws/install/path_generation_pkg/lib/python3.10/site-packages/path_generation_pkg-0.0.0-py3.10.egg-info
running install_scripts
Installing path_generation_node script to /root/s_curve_ws/install/path_generation_pkg/lib/path_generation_pkg
writing list of installed files to '/root/s_curve_ws/build/path_generation_pkg/install.log'
