[2.462s] Invoking command in '/root/s_curve_ws/build/path_generation_pkg': PYTHONPATH=/root/s_curve_ws/build/path_generation_pkg/prefix_override:/usr/lib/python3/dist-packages/colcon_core/task/python/colcon_distutils_commands:/root/s_curve_ws/install/path_generation_pkg/lib/python3.10/site-packages:${PYTHONPATH} /usr/bin/python3 -W ignore:setup.py install is deprecated -W ignore:easy_install command is deprecated setup.py develop --uninstall --editable --build-directory /root/s_curve_ws/build/path_generation_pkg/build
[2.880s] running develop
[3.064s] Removing /root/s_curve_ws/install/path_generation_pkg/lib/python3.10/site-packages/path-generation-pkg.egg-link (link to .)
[3.148s] Invoked command in '/root/s_curve_ws/build/path_generation_pkg' returned '0': PYTHONPATH=/root/s_curve_ws/build/path_generation_pkg/prefix_override:/usr/lib/python3/dist-packages/colcon_core/task/python/colcon_distutils_commands:/root/s_curve_ws/install/path_generation_pkg/lib/python3.10/site-packages:${PYTHONPATH} /usr/bin/python3 -W ignore:setup.py install is deprecated -W ignore:easy_install command is deprecated setup.py develop --uninstall --editable --build-directory /root/s_curve_ws/build/path_generation_pkg/build
[3.149s] Invoking command in '/root/s_curve_ws/src/path_generation_pkg': PYTHONPATH=/root/s_curve_ws/build/path_generation_pkg/prefix_override:/usr/lib/python3/dist-packages/colcon_core/task/python/colcon_distutils_commands:/root/s_curve_ws/install/path_generation_pkg/lib/python3.10/site-packages:${PYTHONPATH} /usr/bin/python3 -W ignore:setup.py install is deprecated -W ignore:easy_install command is deprecated setup.py egg_info --egg-base ../../build/path_generation_pkg build --build-base /root/s_curve_ws/build/path_generation_pkg/build install --record /root/s_curve_ws/build/path_generation_pkg/install.log --single-version-externally-managed install_data --force
[3.543s] running egg_info
[3.543s] writing ../../build/path_generation_pkg/path_generation_pkg.egg-info/PKG-INFO
[3.543s] writing dependency_links to ../../build/path_generation_pkg/path_generation_pkg.egg-info/dependency_links.txt
[3.543s] writing entry points to ../../build/path_generation_pkg/path_generation_pkg.egg-info/entry_points.txt
[3.544s] writing requirements to ../../build/path_generation_pkg/path_generation_pkg.egg-info/requires.txt
[3.544s] writing top-level names to ../../build/path_generation_pkg/path_generation_pkg.egg-info/top_level.txt
[3.558s] reading manifest file '../../build/path_generation_pkg/path_generation_pkg.egg-info/SOURCES.txt'
[3.559s] writing manifest file '../../build/path_generation_pkg/path_generation_pkg.egg-info/SOURCES.txt'
[3.560s] running build
[3.561s] running build_py
[3.564s] creating /root/s_curve_ws/build/path_generation_pkg/build
[3.565s] creating /root/s_curve_ws/build/path_generation_pkg/build/lib
[3.565s] creating /root/s_curve_ws/build/path_generation_pkg/build/lib/path_generation_pkg
[3.565s] copying path_generation_pkg/path_generation_node.py -> /root/s_curve_ws/build/path_generation_pkg/build/lib/path_generation_pkg
[3.566s] copying path_generation_pkg/__init__.py -> /root/s_curve_ws/build/path_generation_pkg/build/lib/path_generation_pkg
[3.566s] running install
[3.566s] running install_lib
[3.566s] creating /root/s_curve_ws/install/path_generation_pkg/lib/python3.10/site-packages/path_generation_pkg
[3.567s] copying /root/s_curve_ws/build/path_generation_pkg/build/lib/path_generation_pkg/path_generation_node.py -> /root/s_curve_ws/install/path_generation_pkg/lib/python3.10/site-packages/path_generation_pkg
[3.567s] copying /root/s_curve_ws/build/path_generation_pkg/build/lib/path_generation_pkg/__init__.py -> /root/s_curve_ws/install/path_generation_pkg/lib/python3.10/site-packages/path_generation_pkg
[3.576s] byte-compiling /root/s_curve_ws/install/path_generation_pkg/lib/python3.10/site-packages/path_generation_pkg/path_generation_node.py to path_generation_node.cpython-310.pyc
[3.576s] byte-compiling /root/s_curve_ws/install/path_generation_pkg/lib/python3.10/site-packages/path_generation_pkg/__init__.py to __init__.cpython-310.pyc
[3.578s] running install_data
[3.578s] copying resource/path_generation_pkg -> /root/s_curve_ws/install/path_generation_pkg/share/ament_index/resource_index/packages
[3.578s] copying package.xml -> /root/s_curve_ws/install/path_generation_pkg/share/path_generation_pkg
[3.578s] running install_egg_info
[3.578s] Copying ../../build/path_generation_pkg/path_generation_pkg.egg-info to /root/s_curve_ws/install/path_generation_pkg/lib/python3.10/site-packages/path_generation_pkg-0.0.0-py3.10.egg-info
[3.585s] running install_scripts
[3.622s] Installing path_generation_node script to /root/s_curve_ws/install/path_generation_pkg/lib/path_generation_pkg
[3.622s] writing list of installed files to '/root/s_curve_ws/build/path_generation_pkg/install.log'
[3.719s] Invoked command in '/root/s_curve_ws/src/path_generation_pkg' returned '0': PYTHONPATH=/root/s_curve_ws/build/path_generation_pkg/prefix_override:/usr/lib/python3/dist-packages/colcon_core/task/python/colcon_distutils_commands:/root/s_curve_ws/install/path_generation_pkg/lib/python3.10/site-packages:${PYTHONPATH} /usr/bin/python3 -W ignore:setup.py install is deprecated -W ignore:easy_install command is deprecated setup.py egg_info --egg-base ../../build/path_generation_pkg build --build-base /root/s_curve_ws/build/path_generation_pkg/build install --record /root/s_curve_ws/build/path_generation_pkg/install.log --single-version-externally-managed install_data --force
