[2.459s] Invoking command in '/root/s_curve_ws/build/control_pkg': PYTHONPATH=/root/s_curve_ws/build/control_pkg/prefix_override:/usr/lib/python3/dist-packages/colcon_core/task/python/colcon_distutils_commands:/root/s_curve_ws/install/control_pkg/lib/python3.10/site-packages:${PYTHONPATH} /usr/bin/python3 -W ignore:setup.py install is deprecated -W ignore:easy_install command is deprecated setup.py develop --editable --build-directory /root/s_curve_ws/build/control_pkg/build --no-deps symlink_data
[2.894s] running develop
[3.118s] running egg_info
[3.118s] creating control_pkg.egg-info
[3.119s] writing control_pkg.egg-info/PKG-INFO
[3.119s] writing dependency_links to control_pkg.egg-info/dependency_links.txt
[3.119s] writing entry points to control_pkg.egg-info/entry_points.txt
[3.119s] writing requirements to control_pkg.egg-info/requires.txt
[3.119s] writing top-level names to control_pkg.egg-info/top_level.txt
[3.119s] writing manifest file 'control_pkg.egg-info/SOURCES.txt'
[3.120s] reading manifest file 'control_pkg.egg-info/SOURCES.txt'
[3.122s] writing manifest file 'control_pkg.egg-info/SOURCES.txt'
[3.125s] running build_ext
[3.129s] Creating /root/s_curve_ws/install/control_pkg/lib/python3.10/site-packages/control-pkg.egg-link (link to .)
[3.129s] Installing control_node script to /root/s_curve_ws/install/control_pkg/lib/control_pkg
[3.133s] 
[3.133s] Installed /root/s_curve_ws/build/control_pkg
[3.133s] running symlink_data
[3.133s] creating /root/s_curve_ws/install/control_pkg/share/ament_index
[3.134s] creating /root/s_curve_ws/install/control_pkg/share/ament_index/resource_index
[3.134s] creating /root/s_curve_ws/install/control_pkg/share/ament_index/resource_index/packages
[3.134s] symbolically linking /root/s_curve_ws/build/control_pkg/resource/control_pkg -> /root/s_curve_ws/install/control_pkg/share/ament_index/resource_index/packages
[3.134s] symbolically linking /root/s_curve_ws/build/control_pkg/package.xml -> /root/s_curve_ws/install/control_pkg/share/control_pkg
[3.234s] Invoked command in '/root/s_curve_ws/build/control_pkg' returned '0': PYTHONPATH=/root/s_curve_ws/build/control_pkg/prefix_override:/usr/lib/python3/dist-packages/colcon_core/task/python/colcon_distutils_commands:/root/s_curve_ws/install/control_pkg/lib/python3.10/site-packages:${PYTHONPATH} /usr/bin/python3 -W ignore:setup.py install is deprecated -W ignore:easy_install command is deprecated setup.py develop --editable --build-directory /root/s_curve_ws/build/control_pkg/build --no-deps symlink_data
