running egg_info
writing ../../build/cone_detector_dl_pkg/cone_detector_dl_pkg.egg-info/PKG-INFO
writing dependency_links to ../../build/cone_detector_dl_pkg/cone_detector_dl_pkg.egg-info/dependency_links.txt
writing entry points to ../../build/cone_detector_dl_pkg/cone_detector_dl_pkg.egg-info/entry_points.txt
writing requirements to ../../build/cone_detector_dl_pkg/cone_detector_dl_pkg.egg-info/requires.txt
writing top-level names to ../../build/cone_detector_dl_pkg/cone_detector_dl_pkg.egg-info/top_level.txt
reading manifest file '../../build/cone_detector_dl_pkg/cone_detector_dl_pkg.egg-info/SOURCES.txt'
writing manifest file '../../build/cone_detector_dl_pkg/cone_detector_dl_pkg.egg-info/SOURCES.txt'
running build
running build_py
copying cone_detector_dl_pkg/cone_detector_node.py -> /root/s_curve_ws/build/cone_detector_dl_pkg/build/lib/cone_detector_dl_pkg
running install
running install_lib
copying /root/s_curve_ws/build/cone_detector_dl_pkg/build/lib/cone_detector_dl_pkg/cone_detector_node.py -> /root/s_curve_ws/install/cone_detector_dl_pkg/lib/python3.10/site-packages/cone_detector_dl_pkg
byte-compiling /root/s_curve_ws/install/cone_detector_dl_pkg/lib/python3.10/site-packages/cone_detector_dl_pkg/cone_detector_node.py to cone_detector_node.cpython-310.pyc
running install_data
running install_egg_info
removing '/root/s_curve_ws/install/cone_detector_dl_pkg/lib/python3.10/site-packages/cone_detector_dl_pkg-0.0.0-py3.10.egg-info' (and everything under it)
Copying ../../build/cone_detector_dl_pkg/cone_detector_dl_pkg.egg-info to /root/s_curve_ws/install/cone_detector_dl_pkg/lib/python3.10/site-packages/cone_detector_dl_pkg-0.0.0-py3.10.egg-info
running install_scripts
Installing cone_detector_node script to /root/s_curve_ws/install/cone_detector_dl_pkg/lib/cone_detector_dl_pkg
writing list of installed files to '/root/s_curve_ws/build/cone_detector_dl_pkg/install.log'
