[3.079s] Invoking command in '/root/s_curve_ws/src/cone_detector_dl_pkg': PYTHONPATH=/root/s_curve_ws/build/cone_detector_dl_pkg/prefix_override:/usr/lib/python3/dist-packages/colcon_core/task/python/colcon_distutils_commands:/root/s_curve_ws/install/cone_detector_dl_pkg/lib/python3.10/site-packages:${PYTHONPATH} /usr/bin/python3 -W ignore:setup.py install is deprecated -W ignore:easy_install command is deprecated setup.py egg_info --egg-base ../../build/cone_detector_dl_pkg build --build-base /root/s_curve_ws/build/cone_detector_dl_pkg/build install --record /root/s_curve_ws/build/cone_detector_dl_pkg/install.log --single-version-externally-managed install_data
[3.524s] running egg_info
[3.527s] writing ../../build/cone_detector_dl_pkg/cone_detector_dl_pkg.egg-info/PKG-INFO
[3.534s] writing dependency_links to ../../build/cone_detector_dl_pkg/cone_detector_dl_pkg.egg-info/dependency_links.txt
[3.534s] writing entry points to ../../build/cone_detector_dl_pkg/cone_detector_dl_pkg.egg-info/entry_points.txt
[3.534s] writing requirements to ../../build/cone_detector_dl_pkg/cone_detector_dl_pkg.egg-info/requires.txt
[3.534s] writing top-level names to ../../build/cone_detector_dl_pkg/cone_detector_dl_pkg.egg-info/top_level.txt
[3.538s] reading manifest file '../../build/cone_detector_dl_pkg/cone_detector_dl_pkg.egg-info/SOURCES.txt'
[3.542s] writing manifest file '../../build/cone_detector_dl_pkg/cone_detector_dl_pkg.egg-info/SOURCES.txt'
[3.543s] running build
[3.554s] running build_py
[3.554s] copying cone_detector_dl_pkg/cone_detector_node.py -> /root/s_curve_ws/build/cone_detector_dl_pkg/build/lib/cone_detector_dl_pkg
[3.558s] running install
[3.558s] running install_lib
[3.562s] copying /root/s_curve_ws/build/cone_detector_dl_pkg/build/lib/cone_detector_dl_pkg/cone_detector_node.py -> /root/s_curve_ws/install/cone_detector_dl_pkg/lib/python3.10/site-packages/cone_detector_dl_pkg
[3.564s] byte-compiling /root/s_curve_ws/install/cone_detector_dl_pkg/lib/python3.10/site-packages/cone_detector_dl_pkg/cone_detector_node.py to cone_detector_node.cpython-310.pyc
[3.576s] running install_data
[3.581s] running install_egg_info
[3.582s] removing '/root/s_curve_ws/install/cone_detector_dl_pkg/lib/python3.10/site-packages/cone_detector_dl_pkg-0.0.0-py3.10.egg-info' (and everything under it)
[3.585s] Copying ../../build/cone_detector_dl_pkg/cone_detector_dl_pkg.egg-info to /root/s_curve_ws/install/cone_detector_dl_pkg/lib/python3.10/site-packages/cone_detector_dl_pkg-0.0.0-py3.10.egg-info
[3.594s] running install_scripts
[3.680s] Installing cone_detector_node script to /root/s_curve_ws/install/cone_detector_dl_pkg/lib/cone_detector_dl_pkg
[3.685s] writing list of installed files to '/root/s_curve_ws/build/cone_detector_dl_pkg/install.log'
[3.793s] Invoked command in '/root/s_curve_ws/src/cone_detector_dl_pkg' returned '0': PYTHONPATH=/root/s_curve_ws/build/cone_detector_dl_pkg/prefix_override:/usr/lib/python3/dist-packages/colcon_core/task/python/colcon_distutils_commands:/root/s_curve_ws/install/cone_detector_dl_pkg/lib/python3.10/site-packages:${PYTHONPATH} /usr/bin/python3 -W ignore:setup.py install is deprecated -W ignore:easy_install command is deprecated setup.py egg_info --egg-base ../../build/cone_detector_dl_pkg build --build-base /root/s_curve_ws/build/cone_detector_dl_pkg/build install --record /root/s_curve_ws/build/cone_detector_dl_pkg/install.log --single-version-externally-managed install_data
