running develop
Removing /root/s_curve_ws/install/lidar_pkg/lib/python3.10/site-packages/lidar-pkg.egg-link (link to .)
running egg_info
writing ../../build/lidar_pkg/lidar_pkg.egg-info/PKG-INFO
writing dependency_links to ../../build/lidar_pkg/lidar_pkg.egg-info/dependency_links.txt
writing entry points to ../../build/lidar_pkg/lidar_pkg.egg-info/entry_points.txt
writing requirements to ../../build/lidar_pkg/lidar_pkg.egg-info/requires.txt
writing top-level names to ../../build/lidar_pkg/lidar_pkg.egg-info/top_level.txt
reading manifest file '../../build/lidar_pkg/lidar_pkg.egg-info/SOURCES.txt'
writing manifest file '../../build/lidar_pkg/lidar_pkg.egg-info/SOURCES.txt'
running build
running build_py
creating /root/s_curve_ws/build/lidar_pkg/build
creating /root/s_curve_ws/build/lidar_pkg/build/lib
creating /root/s_curve_ws/build/lidar_pkg/build/lib/lidar_pkg
copying lidar_pkg/lidar_sensor_node.py -> /root/s_curve_ws/build/lidar_pkg/build/lib/lidar_pkg
copying lidar_pkg/__init__.py -> /root/s_curve_ws/build/lidar_pkg/build/lib/lidar_pkg
running install
running install_lib
creating /root/s_curve_ws/install/lidar_pkg/lib/python3.10/site-packages/lidar_pkg
copying /root/s_curve_ws/build/lidar_pkg/build/lib/lidar_pkg/lidar_sensor_node.py -> /root/s_curve_ws/install/lidar_pkg/lib/python3.10/site-packages/lidar_pkg
copying /root/s_curve_ws/build/lidar_pkg/build/lib/lidar_pkg/__init__.py -> /root/s_curve_ws/install/lidar_pkg/lib/python3.10/site-packages/lidar_pkg
byte-compiling /root/s_curve_ws/install/lidar_pkg/lib/python3.10/site-packages/lidar_pkg/lidar_sensor_node.py to lidar_sensor_node.cpython-310.pyc
byte-compiling /root/s_curve_ws/install/lidar_pkg/lib/python3.10/site-packages/lidar_pkg/__init__.py to __init__.cpython-310.pyc
running install_data
copying resource/lidar_pkg -> /root/s_curve_ws/install/lidar_pkg/share/ament_index/resource_index/packages
copying package.xml -> /root/s_curve_ws/install/lidar_pkg/share/lidar_pkg
running install_egg_info
Copying ../../build/lidar_pkg/lidar_pkg.egg-info to /root/s_curve_ws/install/lidar_pkg/lib/python3.10/site-packages/lidar_pkg-0.0.0-py3.10.egg-info
running install_scripts
Installing lidar_sensor_node script to /root/s_curve_ws/install/lidar_pkg/lib/lidar_pkg
writing list of installed files to '/root/s_curve_ws/build/lidar_pkg/install.log'
