[4.507s] Invoking command in '/root/s_curve_ws/src/path_generation_pkg': PYTHONPATH=/root/s_curve_ws/build/path_generation_pkg/prefix_override:/usr/lib/python3/dist-packages/colcon_core/task/python/colcon_distutils_commands:/root/s_curve_ws/install/path_generation_pkg/lib/python3.10/site-packages:${PYTHONPATH} /usr/bin/python3 -W ignore:setup.py install is deprecated -W ignore:easy_install command is deprecated setup.py egg_info --egg-base ../../build/path_generation_pkg build --build-base /root/s_curve_ws/build/path_generation_pkg/build install --record /root/s_curve_ws/build/path_generation_pkg/install.log --single-version-externally-managed install_data
[5.157s] running egg_info
[5.159s] writing ../../build/path_generation_pkg/path_generation_pkg.egg-info/PKG-INFO
[5.160s] writing dependency_links to ../../build/path_generation_pkg/path_generation_pkg.egg-info/dependency_links.txt
[5.160s] writing entry points to ../../build/path_generation_pkg/path_generation_pkg.egg-info/entry_points.txt
[5.161s] writing requirements to ../../build/path_generation_pkg/path_generation_pkg.egg-info/requires.txt
[5.162s] writing top-level names to ../../build/path_generation_pkg/path_generation_pkg.egg-info/top_level.txt
[5.164s] reading manifest file '../../build/path_generation_pkg/path_generation_pkg.egg-info/SOURCES.txt'
[5.186s] writing manifest file '../../build/path_generation_pkg/path_generation_pkg.egg-info/SOURCES.txt'
[5.186s] running build
[5.186s] running build_py
[5.186s] running install
[5.186s] running install_lib
[5.188s] running install_data
[5.188s] running install_egg_info
[5.195s] removing '/root/s_curve_ws/install/path_generation_pkg/lib/python3.10/site-packages/path_generation_pkg-0.0.0-py3.10.egg-info' (and everything under it)
[5.196s] Copying ../../build/path_generation_pkg/path_generation_pkg.egg-info to /root/s_curve_ws/install/path_generation_pkg/lib/python3.10/site-packages/path_generation_pkg-0.0.0-py3.10.egg-info
[5.202s] running install_scripts
[5.251s] Installing path_generation_node script to /root/s_curve_ws/install/path_generation_pkg/lib/path_generation_pkg
[5.253s] writing list of installed files to '/root/s_curve_ws/build/path_generation_pkg/install.log'
[5.447s] Invoked command in '/root/s_curve_ws/src/path_generation_pkg' returned '0': PYTHONPATH=/root/s_curve_ws/build/path_generation_pkg/prefix_override:/usr/lib/python3/dist-packages/colcon_core/task/python/colcon_distutils_commands:/root/s_curve_ws/install/path_generation_pkg/lib/python3.10/site-packages:${PYTHONPATH} /usr/bin/python3 -W ignore:setup.py install is deprecated -W ignore:easy_install command is deprecated setup.py egg_info --egg-base ../../build/path_generation_pkg build --build-base /root/s_curve_ws/build/path_generation_pkg/build install --record /root/s_curve_ws/build/path_generation_pkg/install.log --single-version-externally-managed install_data
