[2.959s] Invoking command in '/root/s_curve_ws/src/sensor_fusion_pkg': PYTHONPATH=/root/s_curve_ws/build/sensor_fusion_pkg/prefix_override:/usr/lib/python3/dist-packages/colcon_core/task/python/colcon_distutils_commands:/root/s_curve_ws/install/sensor_fusion_pkg/lib/python3.10/site-packages:${PYTHONPATH} /usr/bin/python3 -W ignore:setup.py install is deprecated -W ignore:easy_install command is deprecated setup.py egg_info --egg-base ../../build/sensor_fusion_pkg build --build-base /root/s_curve_ws/build/sensor_fusion_pkg/build install --record /root/s_curve_ws/build/sensor_fusion_pkg/install.log --single-version-externally-managed install_data
[3.412s] running egg_info
[3.412s] writing ../../build/sensor_fusion_pkg/sensor_fusion_pkg.egg-info/PKG-INFO
[3.412s] writing dependency_links to ../../build/sensor_fusion_pkg/sensor_fusion_pkg.egg-info/dependency_links.txt
[3.412s] writing entry points to ../../build/sensor_fusion_pkg/sensor_fusion_pkg.egg-info/entry_points.txt
[3.412s] writing requirements to ../../build/sensor_fusion_pkg/sensor_fusion_pkg.egg-info/requires.txt
[3.412s] writing top-level names to ../../build/sensor_fusion_pkg/sensor_fusion_pkg.egg-info/top_level.txt
[3.412s] reading manifest file '../../build/sensor_fusion_pkg/sensor_fusion_pkg.egg-info/SOURCES.txt'
[3.413s] writing manifest file '../../build/sensor_fusion_pkg/sensor_fusion_pkg.egg-info/SOURCES.txt'
[3.414s] running build
[3.414s] running build_py
[3.414s] running install
[3.415s] running install_lib
[3.418s] running install_data
[3.419s] running install_egg_info
[3.422s] removing '/root/s_curve_ws/install/sensor_fusion_pkg/lib/python3.10/site-packages/sensor_fusion_pkg-0.0.0-py3.10.egg-info' (and everything under it)
[3.423s] Copying ../../build/sensor_fusion_pkg/sensor_fusion_pkg.egg-info to /root/s_curve_ws/install/sensor_fusion_pkg/lib/python3.10/site-packages/sensor_fusion_pkg-0.0.0-py3.10.egg-info
[3.427s] running install_scripts
[3.466s] Installing sensor_fusion_node script to /root/s_curve_ws/install/sensor_fusion_pkg/lib/sensor_fusion_pkg
[3.471s] writing list of installed files to '/root/s_curve_ws/build/sensor_fusion_pkg/install.log'
[3.546s] Invoked command in '/root/s_curve_ws/src/sensor_fusion_pkg' returned '0': PYTHONPATH=/root/s_curve_ws/build/sensor_fusion_pkg/prefix_override:/usr/lib/python3/dist-packages/colcon_core/task/python/colcon_distutils_commands:/root/s_curve_ws/install/sensor_fusion_pkg/lib/python3.10/site-packages:${PYTHONPATH} /usr/bin/python3 -W ignore:setup.py install is deprecated -W ignore:easy_install command is deprecated setup.py egg_info --egg-base ../../build/sensor_fusion_pkg build --build-base /root/s_curve_ws/build/sensor_fusion_pkg/build install --record /root/s_curve_ws/build/sensor_fusion_pkg/install.log --single-version-externally-managed install_data
