[4.480s] Invoking command in '/root/s_curve_ws/src/sensor_fusion_pkg': PYTHONPATH=/root/s_curve_ws/build/sensor_fusion_pkg/prefix_override:/usr/lib/python3/dist-packages/colcon_core/task/python/colcon_distutils_commands:/root/s_curve_ws/install/sensor_fusion_pkg/lib/python3.10/site-packages:${PYTHONPATH} /usr/bin/python3 -W ignore:setup.py install is deprecated -W ignore:easy_install command is deprecated setup.py egg_info --egg-base ../../build/sensor_fusion_pkg build --build-base /root/s_curve_ws/build/sensor_fusion_pkg/build install --record /root/s_curve_ws/build/sensor_fusion_pkg/install.log --single-version-externally-managed install_data
[5.078s] running egg_info
[5.080s] writing ../../build/sensor_fusion_pkg/sensor_fusion_pkg.egg-info/PKG-INFO
[5.081s] writing dependency_links to ../../build/sensor_fusion_pkg/sensor_fusion_pkg.egg-info/dependency_links.txt
[5.081s] writing entry points to ../../build/sensor_fusion_pkg/sensor_fusion_pkg.egg-info/entry_points.txt
[5.083s] writing requirements to ../../build/sensor_fusion_pkg/sensor_fusion_pkg.egg-info/requires.txt
[5.083s] writing top-level names to ../../build/sensor_fusion_pkg/sensor_fusion_pkg.egg-info/top_level.txt
[5.086s] reading manifest file '../../build/sensor_fusion_pkg/sensor_fusion_pkg.egg-info/SOURCES.txt'
[5.110s] writing manifest file '../../build/sensor_fusion_pkg/sensor_fusion_pkg.egg-info/SOURCES.txt'
[5.110s] running build
[5.110s] running build_py
[5.110s] running install
[5.110s] running install_lib
[5.113s] running install_data
[5.113s] running install_egg_info
[5.117s] removing '/root/s_curve_ws/install/sensor_fusion_pkg/lib/python3.10/site-packages/sensor_fusion_pkg-0.0.0-py3.10.egg-info' (and everything under it)
[5.119s] Copying ../../build/sensor_fusion_pkg/sensor_fusion_pkg.egg-info to /root/s_curve_ws/install/sensor_fusion_pkg/lib/python3.10/site-packages/sensor_fusion_pkg-0.0.0-py3.10.egg-info
[5.136s] running install_scripts
[5.182s] Installing sensor_fusion_node script to /root/s_curve_ws/install/sensor_fusion_pkg/lib/sensor_fusion_pkg
[5.183s] writing list of installed files to '/root/s_curve_ws/build/sensor_fusion_pkg/install.log'
[5.249s] Invoked command in '/root/s_curve_ws/src/sensor_fusion_pkg' returned '0': PYTHONPATH=/root/s_curve_ws/build/sensor_fusion_pkg/prefix_override:/usr/lib/python3/dist-packages/colcon_core/task/python/colcon_distutils_commands:/root/s_curve_ws/install/sensor_fusion_pkg/lib/python3.10/site-packages:${PYTHONPATH} /usr/bin/python3 -W ignore:setup.py install is deprecated -W ignore:easy_install command is deprecated setup.py egg_info --egg-base ../../build/sensor_fusion_pkg build --build-base /root/s_curve_ws/build/sensor_fusion_pkg/build install --record /root/s_curve_ws/build/sensor_fusion_pkg/install.log --single-version-externally-managed install_data
