[4.565s] Invoking command in '/root/s_curve_ws/src/control_pkg': PYTHONPATH=/root/s_curve_ws/build/control_pkg/prefix_override:/usr/lib/python3/dist-packages/colcon_core/task/python/colcon_distutils_commands:/root/s_curve_ws/install/control_pkg/lib/python3.10/site-packages:${PYTHONPATH} /usr/bin/python3 -W ignore:setup.py install is deprecated -W ignore:easy_install command is deprecated setup.py egg_info --egg-base ../../build/control_pkg build --build-base /root/s_curve_ws/build/control_pkg/build install --record /root/s_curve_ws/build/control_pkg/install.log --single-version-externally-managed install_data
[5.312s] running egg_info
[5.312s] writing ../../build/control_pkg/control_pkg.egg-info/PKG-INFO
[5.312s] writing dependency_links to ../../build/control_pkg/control_pkg.egg-info/dependency_links.txt
[5.312s] writing entry points to ../../build/control_pkg/control_pkg.egg-info/entry_points.txt
[5.312s] writing requirements to ../../build/control_pkg/control_pkg.egg-info/requires.txt
[5.314s] writing top-level names to ../../build/control_pkg/control_pkg.egg-info/top_level.txt
[5.314s] reading manifest file '../../build/control_pkg/control_pkg.egg-info/SOURCES.txt'
[5.315s] writing manifest file '../../build/control_pkg/control_pkg.egg-info/SOURCES.txt'
[5.315s] running build
[5.315s] running build_py
[5.315s] running install
[5.316s] running install_lib
[5.316s] running install_data
[5.316s] running install_egg_info
[5.316s] removing '/root/s_curve_ws/install/control_pkg/lib/python3.10/site-packages/control_pkg-0.0.0-py3.10.egg-info' (and everything under it)
[5.316s] Copying ../../build/control_pkg/control_pkg.egg-info to /root/s_curve_ws/install/control_pkg/lib/python3.10/site-packages/control_pkg-0.0.0-py3.10.egg-info
[5.316s] running install_scripts
[5.325s] Installing control_node script to /root/s_curve_ws/install/control_pkg/lib/control_pkg
[5.327s] writing list of installed files to '/root/s_curve_ws/build/control_pkg/install.log'
[5.509s] Invoked command in '/root/s_curve_ws/src/control_pkg' returned '0': PYTHONPATH=/root/s_curve_ws/build/control_pkg/prefix_override:/usr/lib/python3/dist-packages/colcon_core/task/python/colcon_distutils_commands:/root/s_curve_ws/install/control_pkg/lib/python3.10/site-packages:${PYTHONPATH} /usr/bin/python3 -W ignore:setup.py install is deprecated -W ignore:easy_install command is deprecated setup.py egg_info --egg-base ../../build/control_pkg build --build-base /root/s_curve_ws/build/control_pkg/build install --record /root/s_curve_ws/build/control_pkg/install.log --single-version-externally-managed install_data
