running develop
running egg_info
creating path_generation_pkg.egg-info
writing path_generation_pkg.egg-info/PKG-INFO
writing dependency_links to path_generation_pkg.egg-info/dependency_links.txt
writing entry points to path_generation_pkg.egg-info/entry_points.txt
writing requirements to path_generation_pkg.egg-info/requires.txt
writing top-level names to path_generation_pkg.egg-info/top_level.txt
writing manifest file 'path_generation_pkg.egg-info/SOURCES.txt'
reading manifest file 'path_generation_pkg.egg-info/SOURCES.txt'
writing manifest file 'path_generation_pkg.egg-info/SOURCES.txt'
running build_ext
Creating /root/s_curve_ws/install/path_generation_pkg/lib/python3.10/site-packages/path-generation-pkg.egg-link (link to .)
Installing path_generation_node script to /root/s_curve_ws/install/path_generation_pkg/lib/path_generation_pkg

Installed /root/s_curve_ws/build/path_generation_pkg
running symlink_data
creating /root/s_curve_ws/install/path_generation_pkg/share/ament_index
creating /root/s_curve_ws/install/path_generation_pkg/share/ament_index/resource_index
creating /root/s_curve_ws/install/path_generation_pkg/share/ament_index/resource_index/packages
symbolically linking /root/s_curve_ws/build/path_generation_pkg/resource/path_generation_pkg -> /root/s_curve_ws/install/path_generation_pkg/share/ament_index/resource_index/packages
symbolically linking /root/s_curve_ws/build/path_generation_pkg/package.xml -> /root/s_curve_ws/install/path_generation_pkg/share/path_generation_pkg
