[2.503s] Invoking command in '/root/s_curve_ws/build/path_generation_pkg': PYTHONPATH=/root/s_curve_ws/build/path_generation_pkg/prefix_override:/usr/lib/python3/dist-packages/colcon_core/task/python/colcon_distutils_commands:/root/s_curve_ws/install/path_generation_pkg/lib/python3.10/site-packages:${PYTHONPATH} /usr/bin/python3 -W ignore:setup.py install is deprecated -W ignore:easy_install command is deprecated setup.py develop --editable --build-directory /root/s_curve_ws/build/path_generation_pkg/build --no-deps symlink_data
[2.898s] running develop
[3.099s] running egg_info
[3.099s] creating path_generation_pkg.egg-info
[3.100s] writing path_generation_pkg.egg-info/PKG-INFO
[3.101s] writing dependency_links to path_generation_pkg.egg-info/dependency_links.txt
[3.101s] writing entry points to path_generation_pkg.egg-info/entry_points.txt
[3.101s] writing requirements to path_generation_pkg.egg-info/requires.txt
[3.102s] writing top-level names to path_generation_pkg.egg-info/top_level.txt
[3.102s] writing manifest file 'path_generation_pkg.egg-info/SOURCES.txt'
[3.107s] reading manifest file 'path_generation_pkg.egg-info/SOURCES.txt'
[3.112s] writing manifest file 'path_generation_pkg.egg-info/SOURCES.txt'
[3.112s] running build_ext
[3.112s] Creating /root/s_curve_ws/install/path_generation_pkg/lib/python3.10/site-packages/path-generation-pkg.egg-link (link to .)
[3.113s] Installing path_generation_node script to /root/s_curve_ws/install/path_generation_pkg/lib/path_generation_pkg
[3.114s] 
[3.115s] Installed /root/s_curve_ws/build/path_generation_pkg
[3.115s] running symlink_data
[3.116s] creating /root/s_curve_ws/install/path_generation_pkg/share/ament_index
[3.119s] creating /root/s_curve_ws/install/path_generation_pkg/share/ament_index/resource_index
[3.120s] creating /root/s_curve_ws/install/path_generation_pkg/share/ament_index/resource_index/packages
[3.121s] symbolically linking /root/s_curve_ws/build/path_generation_pkg/resource/path_generation_pkg -> /root/s_curve_ws/install/path_generation_pkg/share/ament_index/resource_index/packages
[3.127s] symbolically linking /root/s_curve_ws/build/path_generation_pkg/package.xml -> /root/s_curve_ws/install/path_generation_pkg/share/path_generation_pkg
[3.230s] Invoked command in '/root/s_curve_ws/build/path_generation_pkg' returned '0': PYTHONPATH=/root/s_curve_ws/build/path_generation_pkg/prefix_override:/usr/lib/python3/dist-packages/colcon_core/task/python/colcon_distutils_commands:/root/s_curve_ws/install/path_generation_pkg/lib/python3.10/site-packages:${PYTHONPATH} /usr/bin/python3 -W ignore:setup.py install is deprecated -W ignore:easy_install command is deprecated setup.py develop --editable --build-directory /root/s_curve_ws/build/path_generation_pkg/build --no-deps symlink_data
