running develop
running egg_info
creating erp42_driver_pkg.egg-info
writing erp42_driver_pkg.egg-info/PKG-INFO
writing dependency_links to erp42_driver_pkg.egg-info/dependency_links.txt
writing entry points to erp42_driver_pkg.egg-info/entry_points.txt
writing requirements to erp42_driver_pkg.egg-info/requires.txt
writing top-level names to erp42_driver_pkg.egg-info/top_level.txt
writing manifest file 'erp42_driver_pkg.egg-info/SOURCES.txt'
reading manifest file 'erp42_driver_pkg.egg-info/SOURCES.txt'
writing manifest file 'erp42_driver_pkg.egg-info/SOURCES.txt'
running build_ext
Creating /root/s_curve_ws/install/erp42_driver_pkg/lib/python3.10/site-packages/erp42-driver-pkg.egg-link (link to .)
Installing erp42_driver_node script to /root/s_curve_ws/install/erp42_driver_pkg/lib/erp42_driver_pkg

Installed /root/s_curve_ws/build/erp42_driver_pkg
running symlink_data
creating /root/s_curve_ws/install/erp42_driver_pkg/share/ament_index
creating /root/s_curve_ws/install/erp42_driver_pkg/share/ament_index/resource_index
creating /root/s_curve_ws/install/erp42_driver_pkg/share/ament_index/resource_index/packages
symbolically linking /root/s_curve_ws/build/erp42_driver_pkg/resource/erp42_driver_pkg -> /root/s_curve_ws/install/erp42_driver_pkg/share/ament_index/resource_index/packages
symbolically linking /root/s_curve_ws/build/erp42_driver_pkg/package.xml -> /root/s_curve_ws/install/erp42_driver_pkg/share/erp42_driver_pkg
