[2.434s] Invoking command in '/root/s_curve_ws/build/erp42_driver_pkg': PYTHONPATH=/root/s_curve_ws/build/erp42_driver_pkg/prefix_override:/usr/lib/python3/dist-packages/colcon_core/task/python/colcon_distutils_commands:/root/s_curve_ws/install/erp42_driver_pkg/lib/python3.10/site-packages:${PYTHONPATH} /usr/bin/python3 -W ignore:setup.py install is deprecated -W ignore:easy_install command is deprecated setup.py develop --editable --build-directory /root/s_curve_ws/build/erp42_driver_pkg/build --no-deps symlink_data
[2.850s] running develop
[3.044s] running egg_info
[3.049s] creating erp42_driver_pkg.egg-info
[3.049s] writing erp42_driver_pkg.egg-info/PKG-INFO
[3.049s] writing dependency_links to erp42_driver_pkg.egg-info/dependency_links.txt
[3.050s] writing entry points to erp42_driver_pkg.egg-info/entry_points.txt
[3.050s] writing requirements to erp42_driver_pkg.egg-info/requires.txt
[3.050s] writing top-level names to erp42_driver_pkg.egg-info/top_level.txt
[3.050s] writing manifest file 'erp42_driver_pkg.egg-info/SOURCES.txt'
[3.052s] reading manifest file 'erp42_driver_pkg.egg-info/SOURCES.txt'
[3.054s] writing manifest file 'erp42_driver_pkg.egg-info/SOURCES.txt'
[3.056s] running build_ext
[3.057s] Creating /root/s_curve_ws/install/erp42_driver_pkg/lib/python3.10/site-packages/erp42-driver-pkg.egg-link (link to .)
[3.060s] Installing erp42_driver_node script to /root/s_curve_ws/install/erp42_driver_pkg/lib/erp42_driver_pkg
[3.065s] 
[3.065s] Installed /root/s_curve_ws/build/erp42_driver_pkg
[3.065s] running symlink_data
[3.066s] creating /root/s_curve_ws/install/erp42_driver_pkg/share/ament_index
[3.066s] creating /root/s_curve_ws/install/erp42_driver_pkg/share/ament_index/resource_index
[3.066s] creating /root/s_curve_ws/install/erp42_driver_pkg/share/ament_index/resource_index/packages
[3.066s] symbolically linking /root/s_curve_ws/build/erp42_driver_pkg/resource/erp42_driver_pkg -> /root/s_curve_ws/install/erp42_driver_pkg/share/ament_index/resource_index/packages
[3.066s] symbolically linking /root/s_curve_ws/build/erp42_driver_pkg/package.xml -> /root/s_curve_ws/install/erp42_driver_pkg/share/erp42_driver_pkg
[3.145s] Invoked command in '/root/s_curve_ws/build/erp42_driver_pkg' returned '0': PYTHONPATH=/root/s_curve_ws/build/erp42_driver_pkg/prefix_override:/usr/lib/python3/dist-packages/colcon_core/task/python/colcon_distutils_commands:/root/s_curve_ws/install/erp42_driver_pkg/lib/python3.10/site-packages:${PYTHONPATH} /usr/bin/python3 -W ignore:setup.py install is deprecated -W ignore:easy_install command is deprecated setup.py develop --editable --build-directory /root/s_curve_ws/build/erp42_driver_pkg/build --no-deps symlink_data
