running develop
running egg_info
creating cone_detector_dl_pkg.egg-info
writing cone_detector_dl_pkg.egg-info/PKG-INFO
writing dependency_links to cone_detector_dl_pkg.egg-info/dependency_links.txt
writing entry points to cone_detector_dl_pkg.egg-info/entry_points.txt
writing requirements to cone_detector_dl_pkg.egg-info/requires.txt
writing top-level names to cone_detector_dl_pkg.egg-info/top_level.txt
writing manifest file 'cone_detector_dl_pkg.egg-info/SOURCES.txt'
reading manifest file 'cone_detector_dl_pkg.egg-info/SOURCES.txt'
writing manifest file 'cone_detector_dl_pkg.egg-info/SOURCES.txt'
running build_ext
Creating /root/s_curve_ws/install/cone_detector_dl_pkg/lib/python3.10/site-packages/cone-detector-dl-pkg.egg-link (link to .)
Installing cone_detector_node script to /root/s_curve_ws/install/cone_detector_dl_pkg/lib/cone_detector_dl_pkg

Installed /root/s_curve_ws/build/cone_detector_dl_pkg
running symlink_data
creating /root/s_curve_ws/install/cone_detector_dl_pkg/share/ament_index
creating /root/s_curve_ws/install/cone_detector_dl_pkg/share/ament_index/resource_index
creating /root/s_curve_ws/install/cone_detector_dl_pkg/share/ament_index/resource_index/packages
symbolically linking /root/s_curve_ws/build/cone_detector_dl_pkg/resource/cone_detector_dl_pkg -> /root/s_curve_ws/install/cone_detector_dl_pkg/share/ament_index/resource_index/packages
symbolically linking /root/s_curve_ws/build/cone_detector_dl_pkg/package.xml -> /root/s_curve_ws/install/cone_detector_dl_pkg/share/cone_detector_dl_pkg
creating /root/s_curve_ws/install/cone_detector_dl_pkg/share/cone_detector_dl_pkg/models
symbolically linking /root/s_curve_ws/build/cone_detector_dl_pkg/models/best.pt -> /root/s_curve_ws/install/cone_detector_dl_pkg/share/cone_detector_dl_pkg/models
