[0.068s] Invoking command in '/root/s_curve_ws/build/usb_cam': CMAKE_PREFIX_PATH=/opt/ros/humble /usr/bin/cmake /root/s_curve_ws/src/usb_cam -DCMAKE_INSTALL_PREFIX=/root/s_curve_ws/install/usb_cam
[0.098s] -- Found ament_cmake_auto: 1.3.12 (/opt/ros/humble/share/ament_cmake_auto/cmake)
[0.298s] Traceback (most recent call last):
[0.298s]   File "/opt/ros/humble/share/ament_cmake_core/cmake/package_templates/templates_2_cmake.py", line 21, in <module>
[0.298s]     from ament_package.templates import get_environment_hook_template_path
[0.298s] ModuleNotFoundError: No module named 'ament_package'
[0.312s] CMake Error at /opt/ros/humble/share/ament_cmake_core/cmake/ament_cmake_package_templates-extras.cmake:41 (message):
[0.312s]   execute_process(/usr/bin/python3
[0.312s]   /opt/ros/humble/share/ament_cmake_core/cmake/package_templates/templates_2_cmake.py
[0.312s]   /root/s_curve_ws/build/usb_cam/ament_cmake_package_templates/templates.cmake)
[0.312s]   returned error code 1
[0.312s] Call Stack (most recent call first):
[0.313s]   /opt/ros/humble/share/ament_cmake_core/cmake/ament_cmake_coreConfig.cmake:41 (include)
[0.313s]   /opt/ros/humble/share/ament_cmake/cmake/ament_cmake_export_dependencies-extras.cmake:15 (find_package)
[0.313s]   /opt/ros/humble/share/ament_cmake/cmake/ament_cmakeConfig.cmake:41 (include)
[0.313s]   /opt/ros/humble/share/ament_cmake_auto/cmake/ament_cmake_auto-extras.cmake:17 (find_package)
[0.313s]   /opt/ros/humble/share/ament_cmake_auto/cmake/ament_cmake_autoConfig.cmake:41 (include)
[0.313s]   CMakeLists.txt:13 (find_package)
[0.313s] 
[0.313s] 
[0.313s] -- Configuring incomplete, errors occurred!
[0.313s] See also "/root/s_curve_ws/build/usb_cam/CMakeFiles/CMakeOutput.log".
[0.317s] Invoked command in '/root/s_curve_ws/build/usb_cam' returned '1': CMAKE_PREFIX_PATH=/opt/ros/humble /usr/bin/cmake /root/s_curve_ws/src/usb_cam -DCMAKE_INSTALL_PREFIX=/root/s_curve_ws/install/usb_cam
