running develop
running egg_info
creating sensor_fusion_pkg.egg-info
writing sensor_fusion_pkg.egg-info/PKG-INFO
writing dependency_links to sensor_fusion_pkg.egg-info/dependency_links.txt
writing entry points to sensor_fusion_pkg.egg-info/entry_points.txt
writing requirements to sensor_fusion_pkg.egg-info/requires.txt
writing top-level names to sensor_fusion_pkg.egg-info/top_level.txt
writing manifest file 'sensor_fusion_pkg.egg-info/SOURCES.txt'
reading manifest file 'sensor_fusion_pkg.egg-info/SOURCES.txt'
writing manifest file 'sensor_fusion_pkg.egg-info/SOURCES.txt'
running build_ext
Creating /root/s_curve_ws/install/sensor_fusion_pkg/lib/python3.10/site-packages/sensor-fusion-pkg.egg-link (link to .)
Installing sensor_fusion_node script to /root/s_curve_ws/install/sensor_fusion_pkg/lib/sensor_fusion_pkg

Installed /root/s_curve_ws/build/sensor_fusion_pkg
running symlink_data
creating /root/s_curve_ws/install/sensor_fusion_pkg/share/ament_index
creating /root/s_curve_ws/install/sensor_fusion_pkg/share/ament_index/resource_index
creating /root/s_curve_ws/install/sensor_fusion_pkg/share/ament_index/resource_index/packages
symbolically linking /root/s_curve_ws/build/sensor_fusion_pkg/resource/sensor_fusion_pkg -> /root/s_curve_ws/install/sensor_fusion_pkg/share/ament_index/resource_index/packages
symbolically linking /root/s_curve_ws/build/sensor_fusion_pkg/package.xml -> /root/s_curve_ws/install/sensor_fusion_pkg/share/sensor_fusion_pkg
