[2.493s] Invoking command in '/root/s_curve_ws/build/sensor_fusion_pkg': PYTHONPATH=/root/s_curve_ws/build/sensor_fusion_pkg/prefix_override:/usr/lib/python3/dist-packages/colcon_core/task/python/colcon_distutils_commands:/root/s_curve_ws/install/sensor_fusion_pkg/lib/python3.10/site-packages:${PYTHONPATH} /usr/bin/python3 -W ignore:setup.py install is deprecated -W ignore:easy_install command is deprecated setup.py develop --editable --build-directory /root/s_curve_ws/build/sensor_fusion_pkg/build --no-deps symlink_data
[2.924s] running develop
[3.154s] running egg_info
[3.154s] creating sensor_fusion_pkg.egg-info
[3.155s] writing sensor_fusion_pkg.egg-info/PKG-INFO
[3.155s] writing dependency_links to sensor_fusion_pkg.egg-info/dependency_links.txt
[3.155s] writing entry points to sensor_fusion_pkg.egg-info/entry_points.txt
[3.156s] writing requirements to sensor_fusion_pkg.egg-info/requires.txt
[3.156s] writing top-level names to sensor_fusion_pkg.egg-info/top_level.txt
[3.156s] writing manifest file 'sensor_fusion_pkg.egg-info/SOURCES.txt'
[3.157s] reading manifest file 'sensor_fusion_pkg.egg-info/SOURCES.txt'
[3.157s] writing manifest file 'sensor_fusion_pkg.egg-info/SOURCES.txt'
[3.157s] running build_ext
[3.157s] Creating /root/s_curve_ws/install/sensor_fusion_pkg/lib/python3.10/site-packages/sensor-fusion-pkg.egg-link (link to .)
[3.157s] Installing sensor_fusion_node script to /root/s_curve_ws/install/sensor_fusion_pkg/lib/sensor_fusion_pkg
[3.157s] 
[3.157s] Installed /root/s_curve_ws/build/sensor_fusion_pkg
[3.158s] running symlink_data
[3.160s] creating /root/s_curve_ws/install/sensor_fusion_pkg/share/ament_index
[3.160s] creating /root/s_curve_ws/install/sensor_fusion_pkg/share/ament_index/resource_index
[3.160s] creating /root/s_curve_ws/install/sensor_fusion_pkg/share/ament_index/resource_index/packages
[3.161s] symbolically linking /root/s_curve_ws/build/sensor_fusion_pkg/resource/sensor_fusion_pkg -> /root/s_curve_ws/install/sensor_fusion_pkg/share/ament_index/resource_index/packages
[3.161s] symbolically linking /root/s_curve_ws/build/sensor_fusion_pkg/package.xml -> /root/s_curve_ws/install/sensor_fusion_pkg/share/sensor_fusion_pkg
[3.236s] Invoked command in '/root/s_curve_ws/build/sensor_fusion_pkg' returned '0': PYTHONPATH=/root/s_curve_ws/build/sensor_fusion_pkg/prefix_override:/usr/lib/python3/dist-packages/colcon_core/task/python/colcon_distutils_commands:/root/s_curve_ws/install/sensor_fusion_pkg/lib/python3.10/site-packages:${PYTHONPATH} /usr/bin/python3 -W ignore:setup.py install is deprecated -W ignore:easy_install command is deprecated setup.py develop --editable --build-directory /root/s_curve_ws/build/sensor_fusion_pkg/build --no-deps symlink_data
