running develop
Removing /root/s_curve_ws/install/sensor_fusion_pkg/lib/python3.10/site-packages/sensor-fusion-pkg.egg-link (link to .)
running egg_info
writing ../../build/sensor_fusion_pkg/sensor_fusion_pkg.egg-info/PKG-INFO
writing dependency_links to ../../build/sensor_fusion_pkg/sensor_fusion_pkg.egg-info/dependency_links.txt
writing entry points to ../../build/sensor_fusion_pkg/sensor_fusion_pkg.egg-info/entry_points.txt
writing requirements to ../../build/sensor_fusion_pkg/sensor_fusion_pkg.egg-info/requires.txt
writing top-level names to ../../build/sensor_fusion_pkg/sensor_fusion_pkg.egg-info/top_level.txt
reading manifest file '../../build/sensor_fusion_pkg/sensor_fusion_pkg.egg-info/SOURCES.txt'
writing manifest file '../../build/sensor_fusion_pkg/sensor_fusion_pkg.egg-info/SOURCES.txt'
running build
running build_py
creating /root/s_curve_ws/build/sensor_fusion_pkg/build
creating /root/s_curve_ws/build/sensor_fusion_pkg/build/lib
creating /root/s_curve_ws/build/sensor_fusion_pkg/build/lib/sensor_fusion_pkg
copying sensor_fusion_pkg/sensor_fusion_node.py -> /root/s_curve_ws/build/sensor_fusion_pkg/build/lib/sensor_fusion_pkg
copying sensor_fusion_pkg/__init__.py -> /root/s_curve_ws/build/sensor_fusion_pkg/build/lib/sensor_fusion_pkg
running install
running install_lib
creating /root/s_curve_ws/install/sensor_fusion_pkg/lib/python3.10/site-packages/sensor_fusion_pkg
copying /root/s_curve_ws/build/sensor_fusion_pkg/build/lib/sensor_fusion_pkg/sensor_fusion_node.py -> /root/s_curve_ws/install/sensor_fusion_pkg/lib/python3.10/site-packages/sensor_fusion_pkg
copying /root/s_curve_ws/build/sensor_fusion_pkg/build/lib/sensor_fusion_pkg/__init__.py -> /root/s_curve_ws/install/sensor_fusion_pkg/lib/python3.10/site-packages/sensor_fusion_pkg
byte-compiling /root/s_curve_ws/install/sensor_fusion_pkg/lib/python3.10/site-packages/sensor_fusion_pkg/sensor_fusion_node.py to sensor_fusion_node.cpython-310.pyc
byte-compiling /root/s_curve_ws/install/sensor_fusion_pkg/lib/python3.10/site-packages/sensor_fusion_pkg/__init__.py to __init__.cpython-310.pyc
running install_data
copying resource/sensor_fusion_pkg -> /root/s_curve_ws/install/sensor_fusion_pkg/share/ament_index/resource_index/packages
copying package.xml -> /root/s_curve_ws/install/sensor_fusion_pkg/share/sensor_fusion_pkg
running install_egg_info
Copying ../../build/sensor_fusion_pkg/sensor_fusion_pkg.egg-info to /root/s_curve_ws/install/sensor_fusion_pkg/lib/python3.10/site-packages/sensor_fusion_pkg-0.0.0-py3.10.egg-info
running install_scripts
Installing sensor_fusion_node script to /root/s_curve_ws/install/sensor_fusion_pkg/lib/sensor_fusion_pkg
writing list of installed files to '/root/s_curve_ws/build/sensor_fusion_pkg/install.log'
