[2.971s] Invoking command in '/root/s_curve_ws/src/control_pkg': PYTHONPATH=/root/s_curve_ws/build/control_pkg/prefix_override:/usr/lib/python3/dist-packages/colcon_core/task/python/colcon_distutils_commands:/root/s_curve_ws/install/control_pkg/lib/python3.10/site-packages:${PYTHONPATH} /usr/bin/python3 -W ignore:setup.py install is deprecated -W ignore:easy_install command is deprecated setup.py egg_info --egg-base ../../build/control_pkg build --build-base /root/s_curve_ws/build/control_pkg/build install --record /root/s_curve_ws/build/control_pkg/install.log --single-version-externally-managed install_data
[3.433s] running egg_info
[3.433s] writing ../../build/control_pkg/control_pkg.egg-info/PKG-INFO
[3.433s] writing dependency_links to ../../build/control_pkg/control_pkg.egg-info/dependency_links.txt
[3.433s] writing entry points to ../../build/control_pkg/control_pkg.egg-info/entry_points.txt
[3.433s] writing requirements to ../../build/control_pkg/control_pkg.egg-info/requires.txt
[3.433s] writing top-level names to ../../build/control_pkg/control_pkg.egg-info/top_level.txt
[3.442s] reading manifest file '../../build/control_pkg/control_pkg.egg-info/SOURCES.txt'
[3.442s] writing manifest file '../../build/control_pkg/control_pkg.egg-info/SOURCES.txt'
[3.443s] running build
[3.443s] running build_py
[3.444s] running install
[3.445s] running install_lib
[3.453s] running install_data
[3.457s] running install_egg_info
[3.458s] removing '/root/s_curve_ws/install/control_pkg/lib/python3.10/site-packages/control_pkg-0.0.0-py3.10.egg-info' (and everything under it)
[3.458s] Copying ../../build/control_pkg/control_pkg.egg-info to /root/s_curve_ws/install/control_pkg/lib/python3.10/site-packages/control_pkg-0.0.0-py3.10.egg-info
[3.465s] running install_scripts
[3.508s] Installing control_node script to /root/s_curve_ws/install/control_pkg/lib/control_pkg
[3.508s] writing list of installed files to '/root/s_curve_ws/build/control_pkg/install.log'
[3.624s] Invoked command in '/root/s_curve_ws/src/control_pkg' returned '0': PYTHONPATH=/root/s_curve_ws/build/control_pkg/prefix_override:/usr/lib/python3/dist-packages/colcon_core/task/python/colcon_distutils_commands:/root/s_curve_ws/install/control_pkg/lib/python3.10/site-packages:${PYTHONPATH} /usr/bin/python3 -W ignore:setup.py install is deprecated -W ignore:easy_install command is deprecated setup.py egg_info --egg-base ../../build/control_pkg build --build-base /root/s_curve_ws/build/control_pkg/build install --record /root/s_curve_ws/build/control_pkg/install.log --single-version-externally-managed install_data
