running develop
Removing /root/s_curve_ws/install/s_curve_launch_pkg/lib/python3.10/site-packages/s-curve-launch-pkg.egg-link (link to .)
running egg_info
writing ../../build/s_curve_launch_pkg/s_curve_launch_pkg.egg-info/PKG-INFO
writing dependency_links to ../../build/s_curve_launch_pkg/s_curve_launch_pkg.egg-info/dependency_links.txt
writing entry points to ../../build/s_curve_launch_pkg/s_curve_launch_pkg.egg-info/entry_points.txt
writing requirements to ../../build/s_curve_launch_pkg/s_curve_launch_pkg.egg-info/requires.txt
writing top-level names to ../../build/s_curve_launch_pkg/s_curve_launch_pkg.egg-info/top_level.txt
reading manifest file '../../build/s_curve_launch_pkg/s_curve_launch_pkg.egg-info/SOURCES.txt'
writing manifest file '../../build/s_curve_launch_pkg/s_curve_launch_pkg.egg-info/SOURCES.txt'
running build
running build_py
creating /root/s_curve_ws/build/s_curve_launch_pkg/build
creating /root/s_curve_ws/build/s_curve_launch_pkg/build/lib
creating /root/s_curve_ws/build/s_curve_launch_pkg/build/lib/s_curve_launch_pkg
copying s_curve_launch_pkg/__init__.py -> /root/s_curve_ws/build/s_curve_launch_pkg/build/lib/s_curve_launch_pkg
running install
running install_lib
creating /root/s_curve_ws/install/s_curve_launch_pkg/lib/python3.10/site-packages/s_curve_launch_pkg
copying /root/s_curve_ws/build/s_curve_launch_pkg/build/lib/s_curve_launch_pkg/__init__.py -> /root/s_curve_ws/install/s_curve_launch_pkg/lib/python3.10/site-packages/s_curve_launch_pkg
byte-compiling /root/s_curve_ws/install/s_curve_launch_pkg/lib/python3.10/site-packages/s_curve_launch_pkg/__init__.py to __init__.cpython-310.pyc
running install_data
copying resource/s_curve_launch_pkg -> /root/s_curve_ws/install/s_curve_launch_pkg/share/ament_index/resource_index/packages
copying package.xml -> /root/s_curve_ws/install/s_curve_launch_pkg/share/s_curve_launch_pkg
copying launch/s_curve.launch.py -> /root/s_curve_ws/install/s_curve_launch_pkg/share/s_curve_launch_pkg/launch
copying config/ekf.yaml -> /root/s_curve_ws/install/s_curve_launch_pkg/share/s_curve_launch_pkg/config
running install_egg_info
Copying ../../build/s_curve_launch_pkg/s_curve_launch_pkg.egg-info to /root/s_curve_ws/install/s_curve_launch_pkg/lib/python3.10/site-packages/s_curve_launch_pkg-0.0.0-py3.10.egg-info
running install_scripts
writing list of installed files to '/root/s_curve_ws/build/s_curve_launch_pkg/install.log'
