[2.467s] Invoking command in '/root/s_curve_ws/build/s_curve_launch_pkg': PYTHONPATH=/root/s_curve_ws/build/s_curve_launch_pkg/prefix_override:/usr/lib/python3/dist-packages/colcon_core/task/python/colcon_distutils_commands:/root/s_curve_ws/install/s_curve_launch_pkg/lib/python3.10/site-packages:${PYTHONPATH} /usr/bin/python3 -W ignore:setup.py install is deprecated -W ignore:easy_install command is deprecated setup.py develop --uninstall --editable --build-directory /root/s_curve_ws/build/s_curve_launch_pkg/build
[2.864s] running develop
[3.059s] Removing /root/s_curve_ws/install/s_curve_launch_pkg/lib/python3.10/site-packages/s-curve-launch-pkg.egg-link (link to .)
[3.123s] Invoked command in '/root/s_curve_ws/build/s_curve_launch_pkg' returned '0': PYTHONPATH=/root/s_curve_ws/build/s_curve_launch_pkg/prefix_override:/usr/lib/python3/dist-packages/colcon_core/task/python/colcon_distutils_commands:/root/s_curve_ws/install/s_curve_launch_pkg/lib/python3.10/site-packages:${PYTHONPATH} /usr/bin/python3 -W ignore:setup.py install is deprecated -W ignore:easy_install command is deprecated setup.py develop --uninstall --editable --build-directory /root/s_curve_ws/build/s_curve_launch_pkg/build
[3.124s] Invoking command in '/root/s_curve_ws/src/s_curve_launch_pkg': PYTHONPATH=/root/s_curve_ws/build/s_curve_launch_pkg/prefix_override:/usr/lib/python3/dist-packages/colcon_core/task/python/colcon_distutils_commands:/root/s_curve_ws/install/s_curve_launch_pkg/lib/python3.10/site-packages:${PYTHONPATH} /usr/bin/python3 -W ignore:setup.py install is deprecated -W ignore:easy_install command is deprecated setup.py egg_info --egg-base ../../build/s_curve_launch_pkg build --build-base /root/s_curve_ws/build/s_curve_launch_pkg/build install --record /root/s_curve_ws/build/s_curve_launch_pkg/install.log --single-version-externally-managed install_data --force
[3.541s] running egg_info
[3.541s] writing ../../build/s_curve_launch_pkg/s_curve_launch_pkg.egg-info/PKG-INFO
[3.542s] writing dependency_links to ../../build/s_curve_launch_pkg/s_curve_launch_pkg.egg-info/dependency_links.txt
[3.542s] writing entry points to ../../build/s_curve_launch_pkg/s_curve_launch_pkg.egg-info/entry_points.txt
[3.542s] writing requirements to ../../build/s_curve_launch_pkg/s_curve_launch_pkg.egg-info/requires.txt
[3.542s] writing top-level names to ../../build/s_curve_launch_pkg/s_curve_launch_pkg.egg-info/top_level.txt
[3.543s] reading manifest file '../../build/s_curve_launch_pkg/s_curve_launch_pkg.egg-info/SOURCES.txt'
[3.550s] writing manifest file '../../build/s_curve_launch_pkg/s_curve_launch_pkg.egg-info/SOURCES.txt'
[3.550s] running build
[3.550s] running build_py
[3.551s] creating /root/s_curve_ws/build/s_curve_launch_pkg/build
[3.551s] creating /root/s_curve_ws/build/s_curve_launch_pkg/build/lib
[3.551s] creating /root/s_curve_ws/build/s_curve_launch_pkg/build/lib/s_curve_launch_pkg
[3.551s] copying s_curve_launch_pkg/__init__.py -> /root/s_curve_ws/build/s_curve_launch_pkg/build/lib/s_curve_launch_pkg
[3.556s] running install
[3.557s] running install_lib
[3.557s] creating /root/s_curve_ws/install/s_curve_launch_pkg/lib/python3.10/site-packages/s_curve_launch_pkg
[3.558s] copying /root/s_curve_ws/build/s_curve_launch_pkg/build/lib/s_curve_launch_pkg/__init__.py -> /root/s_curve_ws/install/s_curve_launch_pkg/lib/python3.10/site-packages/s_curve_launch_pkg
[3.559s] byte-compiling /root/s_curve_ws/install/s_curve_launch_pkg/lib/python3.10/site-packages/s_curve_launch_pkg/__init__.py to __init__.cpython-310.pyc
[3.561s] running install_data
[3.561s] copying resource/s_curve_launch_pkg -> /root/s_curve_ws/install/s_curve_launch_pkg/share/ament_index/resource_index/packages
[3.561s] copying package.xml -> /root/s_curve_ws/install/s_curve_launch_pkg/share/s_curve_launch_pkg
[3.561s] copying launch/s_curve.launch.py -> /root/s_curve_ws/install/s_curve_launch_pkg/share/s_curve_launch_pkg/launch
[3.561s] copying config/ekf.yaml -> /root/s_curve_ws/install/s_curve_launch_pkg/share/s_curve_launch_pkg/config
[3.561s] running install_egg_info
[3.569s] Copying ../../build/s_curve_launch_pkg/s_curve_launch_pkg.egg-info to /root/s_curve_ws/install/s_curve_launch_pkg/lib/python3.10/site-packages/s_curve_launch_pkg-0.0.0-py3.10.egg-info
[3.569s] running install_scripts
[3.645s] writing list of installed files to '/root/s_curve_ws/build/s_curve_launch_pkg/install.log'
[3.753s] Invoked command in '/root/s_curve_ws/src/s_curve_launch_pkg' returned '0': PYTHONPATH=/root/s_curve_ws/build/s_curve_launch_pkg/prefix_override:/usr/lib/python3/dist-packages/colcon_core/task/python/colcon_distutils_commands:/root/s_curve_ws/install/s_curve_launch_pkg/lib/python3.10/site-packages:${PYTHONPATH} /usr/bin/python3 -W ignore:setup.py install is deprecated -W ignore:easy_install command is deprecated setup.py egg_info --egg-base ../../build/s_curve_launch_pkg build --build-base /root/s_curve_ws/build/s_curve_launch_pkg/build install --record /root/s_curve_ws/build/s_curve_launch_pkg/install.log --single-version-externally-managed install_data --force
