running develop
Removing /root/s_curve_ws/install/control_pkg/lib/python3.10/site-packages/control-pkg.egg-link (link to .)
running egg_info
writing ../../build/control_pkg/control_pkg.egg-info/PKG-INFO
writing dependency_links to ../../build/control_pkg/control_pkg.egg-info/dependency_links.txt
writing entry points to ../../build/control_pkg/control_pkg.egg-info/entry_points.txt
writing requirements to ../../build/control_pkg/control_pkg.egg-info/requires.txt
writing top-level names to ../../build/control_pkg/control_pkg.egg-info/top_level.txt
reading manifest file '../../build/control_pkg/control_pkg.egg-info/SOURCES.txt'
writing manifest file '../../build/control_pkg/control_pkg.egg-info/SOURCES.txt'
running build
running build_py
creating /root/s_curve_ws/build/control_pkg/build
creating /root/s_curve_ws/build/control_pkg/build/lib
creating /root/s_curve_ws/build/control_pkg/build/lib/control_pkg
copying control_pkg/control_node.py -> /root/s_curve_ws/build/control_pkg/build/lib/control_pkg
copying control_pkg/__init__.py -> /root/s_curve_ws/build/control_pkg/build/lib/control_pkg
running install
running install_lib
creating /root/s_curve_ws/install/control_pkg/lib/python3.10/site-packages/control_pkg
copying /root/s_curve_ws/build/control_pkg/build/lib/control_pkg/control_node.py -> /root/s_curve_ws/install/control_pkg/lib/python3.10/site-packages/control_pkg
copying /root/s_curve_ws/build/control_pkg/build/lib/control_pkg/__init__.py -> /root/s_curve_ws/install/control_pkg/lib/python3.10/site-packages/control_pkg
byte-compiling /root/s_curve_ws/install/control_pkg/lib/python3.10/site-packages/control_pkg/control_node.py to control_node.cpython-310.pyc
byte-compiling /root/s_curve_ws/install/control_pkg/lib/python3.10/site-packages/control_pkg/__init__.py to __init__.cpython-310.pyc
running install_data
copying resource/control_pkg -> /root/s_curve_ws/install/control_pkg/share/ament_index/resource_index/packages
copying package.xml -> /root/s_curve_ws/install/control_pkg/share/control_pkg
running install_egg_info
Copying ../../build/control_pkg/control_pkg.egg-info to /root/s_curve_ws/install/control_pkg/lib/python3.10/site-packages/control_pkg-0.0.0-py3.10.egg-info
running install_scripts
Installing control_node script to /root/s_curve_ws/install/control_pkg/lib/control_pkg
writing list of installed files to '/root/s_curve_ws/build/control_pkg/install.log'
