[2.480s] Invoking command in '/root/s_curve_ws/build/control_pkg': PYTHONPATH=/root/s_curve_ws/build/control_pkg/prefix_override:/usr/lib/python3/dist-packages/colcon_core/task/python/colcon_distutils_commands:/root/s_curve_ws/install/control_pkg/lib/python3.10/site-packages:${PYTHONPATH} /usr/bin/python3 -W ignore:setup.py install is deprecated -W ignore:easy_install command is deprecated setup.py develop --uninstall --editable --build-directory /root/s_curve_ws/build/control_pkg/build
[3.030s] running develop
[3.208s] Removing /root/s_curve_ws/install/control_pkg/lib/python3.10/site-packages/control-pkg.egg-link (link to .)
[3.277s] Invoked command in '/root/s_curve_ws/build/control_pkg' returned '0': PYTHONPATH=/root/s_curve_ws/build/control_pkg/prefix_override:/usr/lib/python3/dist-packages/colcon_core/task/python/colcon_distutils_commands:/root/s_curve_ws/install/control_pkg/lib/python3.10/site-packages:${PYTHONPATH} /usr/bin/python3 -W ignore:setup.py install is deprecated -W ignore:easy_install command is deprecated setup.py develop --uninstall --editable --build-directory /root/s_curve_ws/build/control_pkg/build
[3.277s] Invoking command in '/root/s_curve_ws/src/control_pkg': PYTHONPATH=/root/s_curve_ws/build/control_pkg/prefix_override:/usr/lib/python3/dist-packages/colcon_core/task/python/colcon_distutils_commands:/root/s_curve_ws/install/control_pkg/lib/python3.10/site-packages:${PYTHONPATH} /usr/bin/python3 -W ignore:setup.py install is deprecated -W ignore:easy_install command is deprecated setup.py egg_info --egg-base ../../build/control_pkg build --build-base /root/s_curve_ws/build/control_pkg/build install --record /root/s_curve_ws/build/control_pkg/install.log --single-version-externally-managed install_data --force
[3.645s] running egg_info
[3.651s] writing ../../build/control_pkg/control_pkg.egg-info/PKG-INFO
[3.652s] writing dependency_links to ../../build/control_pkg/control_pkg.egg-info/dependency_links.txt
[3.652s] writing entry points to ../../build/control_pkg/control_pkg.egg-info/entry_points.txt
[3.656s] writing requirements to ../../build/control_pkg/control_pkg.egg-info/requires.txt
[3.656s] writing top-level names to ../../build/control_pkg/control_pkg.egg-info/top_level.txt
[3.657s] reading manifest file '../../build/control_pkg/control_pkg.egg-info/SOURCES.txt'
[3.657s] writing manifest file '../../build/control_pkg/control_pkg.egg-info/SOURCES.txt'
[3.657s] running build
[3.657s] running build_py
[3.658s] creating /root/s_curve_ws/build/control_pkg/build
[3.661s] creating /root/s_curve_ws/build/control_pkg/build/lib
[3.663s] creating /root/s_curve_ws/build/control_pkg/build/lib/control_pkg
[3.664s] copying control_pkg/control_node.py -> /root/s_curve_ws/build/control_pkg/build/lib/control_pkg
[3.667s] copying control_pkg/__init__.py -> /root/s_curve_ws/build/control_pkg/build/lib/control_pkg
[3.668s] running install
[3.668s] running install_lib
[3.669s] creating /root/s_curve_ws/install/control_pkg/lib/python3.10/site-packages/control_pkg
[3.669s] copying /root/s_curve_ws/build/control_pkg/build/lib/control_pkg/control_node.py -> /root/s_curve_ws/install/control_pkg/lib/python3.10/site-packages/control_pkg
[3.670s] copying /root/s_curve_ws/build/control_pkg/build/lib/control_pkg/__init__.py -> /root/s_curve_ws/install/control_pkg/lib/python3.10/site-packages/control_pkg
[3.671s] byte-compiling /root/s_curve_ws/install/control_pkg/lib/python3.10/site-packages/control_pkg/control_node.py to control_node.cpython-310.pyc
[3.680s] byte-compiling /root/s_curve_ws/install/control_pkg/lib/python3.10/site-packages/control_pkg/__init__.py to __init__.cpython-310.pyc
[3.681s] running install_data
[3.681s] copying resource/control_pkg -> /root/s_curve_ws/install/control_pkg/share/ament_index/resource_index/packages
[3.682s] copying package.xml -> /root/s_curve_ws/install/control_pkg/share/control_pkg
[3.682s] running install_egg_info
[3.683s] Copying ../../build/control_pkg/control_pkg.egg-info to /root/s_curve_ws/install/control_pkg/lib/python3.10/site-packages/control_pkg-0.0.0-py3.10.egg-info
[3.686s] running install_scripts
[3.764s] Installing control_node script to /root/s_curve_ws/install/control_pkg/lib/control_pkg
[3.764s] writing list of installed files to '/root/s_curve_ws/build/control_pkg/install.log'
[3.804s] Invoked command in '/root/s_curve_ws/src/control_pkg' returned '0': PYTHONPATH=/root/s_curve_ws/build/control_pkg/prefix_override:/usr/lib/python3/dist-packages/colcon_core/task/python/colcon_distutils_commands:/root/s_curve_ws/install/control_pkg/lib/python3.10/site-packages:${PYTHONPATH} /usr/bin/python3 -W ignore:setup.py install is deprecated -W ignore:easy_install command is deprecated setup.py egg_info --egg-base ../../build/control_pkg build --build-base /root/s_curve_ws/build/control_pkg/build install --record /root/s_curve_ws/build/control_pkg/install.log --single-version-externally-managed install_data --force
