[2.563s] Invoking command in '/root/s_curve_ws/build/s_curve_launch_pkg': PYTHONPATH=/root/s_curve_ws/build/s_curve_launch_pkg/prefix_override:/usr/lib/python3/dist-packages/colcon_core/task/python/colcon_distutils_commands:/root/s_curve_ws/install/s_curve_launch_pkg/lib/python3.10/site-packages:${PYTHONPATH} /usr/bin/python3 -W ignore:setup.py install is deprecated -W ignore:easy_install command is deprecated setup.py develop --editable --build-directory /root/s_curve_ws/build/s_curve_launch_pkg/build --no-deps symlink_data
[3.066s] running develop
[3.259s] running egg_info
[3.259s] creating s_curve_launch_pkg.egg-info
[3.259s] writing s_curve_launch_pkg.egg-info/PKG-INFO
[3.260s] writing dependency_links to s_curve_launch_pkg.egg-info/dependency_links.txt
[3.260s] writing entry points to s_curve_launch_pkg.egg-info/entry_points.txt
[3.260s] writing requirements to s_curve_launch_pkg.egg-info/requires.txt
[3.260s] writing top-level names to s_curve_launch_pkg.egg-info/top_level.txt
[3.260s] writing manifest file 's_curve_launch_pkg.egg-info/SOURCES.txt'
[3.261s] reading manifest file 's_curve_launch_pkg.egg-info/SOURCES.txt'
[3.261s] writing manifest file 's_curve_launch_pkg.egg-info/SOURCES.txt'
[3.261s] running build_ext
[3.261s] Creating /root/s_curve_ws/install/s_curve_launch_pkg/lib/python3.10/site-packages/s-curve-launch-pkg.egg-link (link to .)
[3.261s] 
[3.262s] Installed /root/s_curve_ws/build/s_curve_launch_pkg
[3.262s] running symlink_data
[3.262s] creating /root/s_curve_ws/install/s_curve_launch_pkg/share/ament_index
[3.262s] creating /root/s_curve_ws/install/s_curve_launch_pkg/share/ament_index/resource_index
[3.262s] creating /root/s_curve_ws/install/s_curve_launch_pkg/share/ament_index/resource_index/packages
[3.262s] symbolically linking /root/s_curve_ws/build/s_curve_launch_pkg/resource/s_curve_launch_pkg -> /root/s_curve_ws/install/s_curve_launch_pkg/share/ament_index/resource_index/packages
[3.262s] symbolically linking /root/s_curve_ws/build/s_curve_launch_pkg/package.xml -> /root/s_curve_ws/install/s_curve_launch_pkg/share/s_curve_launch_pkg
[3.262s] creating /root/s_curve_ws/install/s_curve_launch_pkg/share/s_curve_launch_pkg/launch
[3.262s] symbolically linking /root/s_curve_ws/build/s_curve_launch_pkg/launch/s_curve.launch.py -> /root/s_curve_ws/install/s_curve_launch_pkg/share/s_curve_launch_pkg/launch
[3.262s] creating /root/s_curve_ws/install/s_curve_launch_pkg/share/s_curve_launch_pkg/config
[3.262s] symbolically linking /root/s_curve_ws/build/s_curve_launch_pkg/config/ekf.yaml -> /root/s_curve_ws/install/s_curve_launch_pkg/share/s_curve_launch_pkg/config
[3.284s] Invoked command in '/root/s_curve_ws/build/s_curve_launch_pkg' returned '0': PYTHONPATH=/root/s_curve_ws/build/s_curve_launch_pkg/prefix_override:/usr/lib/python3/dist-packages/colcon_core/task/python/colcon_distutils_commands:/root/s_curve_ws/install/s_curve_launch_pkg/lib/python3.10/site-packages:${PYTHONPATH} /usr/bin/python3 -W ignore:setup.py install is deprecated -W ignore:easy_install command is deprecated setup.py develop --editable --build-directory /root/s_curve_ws/build/s_curve_launch_pkg/build --no-deps symlink_data
