running develop
Removing /root/s_curve_ws/install/erp42_driver_pkg/lib/python3.10/site-packages/erp42-driver-pkg.egg-link (link to .)
running egg_info
writing ../../build/erp42_driver_pkg/erp42_driver_pkg.egg-info/PKG-INFO
writing dependency_links to ../../build/erp42_driver_pkg/erp42_driver_pkg.egg-info/dependency_links.txt
writing entry points to ../../build/erp42_driver_pkg/erp42_driver_pkg.egg-info/entry_points.txt
writing requirements to ../../build/erp42_driver_pkg/erp42_driver_pkg.egg-info/requires.txt
writing top-level names to ../../build/erp42_driver_pkg/erp42_driver_pkg.egg-info/top_level.txt
reading manifest file '../../build/erp42_driver_pkg/erp42_driver_pkg.egg-info/SOURCES.txt'
writing manifest file '../../build/erp42_driver_pkg/erp42_driver_pkg.egg-info/SOURCES.txt'
running build
running build_py
creating /root/s_curve_ws/build/erp42_driver_pkg/build
creating /root/s_curve_ws/build/erp42_driver_pkg/build/lib
creating /root/s_curve_ws/build/erp42_driver_pkg/build/lib/erp42_driver_pkg
copying erp42_driver_pkg/erp42_driver_node.py -> /root/s_curve_ws/build/erp42_driver_pkg/build/lib/erp42_driver_pkg
copying erp42_driver_pkg/__init__.py -> /root/s_curve_ws/build/erp42_driver_pkg/build/lib/erp42_driver_pkg
running install
running install_lib
creating /root/s_curve_ws/install/erp42_driver_pkg/lib/python3.10/site-packages/erp42_driver_pkg
copying /root/s_curve_ws/build/erp42_driver_pkg/build/lib/erp42_driver_pkg/erp42_driver_node.py -> /root/s_curve_ws/install/erp42_driver_pkg/lib/python3.10/site-packages/erp42_driver_pkg
copying /root/s_curve_ws/build/erp42_driver_pkg/build/lib/erp42_driver_pkg/__init__.py -> /root/s_curve_ws/install/erp42_driver_pkg/lib/python3.10/site-packages/erp42_driver_pkg
byte-compiling /root/s_curve_ws/install/erp42_driver_pkg/lib/python3.10/site-packages/erp42_driver_pkg/erp42_driver_node.py to erp42_driver_node.cpython-310.pyc
byte-compiling /root/s_curve_ws/install/erp42_driver_pkg/lib/python3.10/site-packages/erp42_driver_pkg/__init__.py to __init__.cpython-310.pyc
running install_data
copying resource/erp42_driver_pkg -> /root/s_curve_ws/install/erp42_driver_pkg/share/ament_index/resource_index/packages
copying package.xml -> /root/s_curve_ws/install/erp42_driver_pkg/share/erp42_driver_pkg
running install_egg_info
Copying ../../build/erp42_driver_pkg/erp42_driver_pkg.egg-info to /root/s_curve_ws/install/erp42_driver_pkg/lib/python3.10/site-packages/erp42_driver_pkg-0.0.0-py3.10.egg-info
running install_scripts
Installing erp42_driver_node script to /root/s_curve_ws/install/erp42_driver_pkg/lib/erp42_driver_pkg
writing list of installed files to '/root/s_curve_ws/build/erp42_driver_pkg/install.log'
