[2.476s] Invoking command in '/root/s_curve_ws/build/erp42_driver_pkg': PYTHONPATH=/root/s_curve_ws/build/erp42_driver_pkg/prefix_override:/usr/lib/python3/dist-packages/colcon_core/task/python/colcon_distutils_commands:/root/s_curve_ws/install/erp42_driver_pkg/lib/python3.10/site-packages:${PYTHONPATH} /usr/bin/python3 -W ignore:setup.py install is deprecated -W ignore:easy_install command is deprecated setup.py develop --uninstall --editable --build-directory /root/s_curve_ws/build/erp42_driver_pkg/build
[2.868s] running develop
[3.028s] Removing /root/s_curve_ws/install/erp42_driver_pkg/lib/python3.10/site-packages/erp42-driver-pkg.egg-link (link to .)
[3.137s] Invoked command in '/root/s_curve_ws/build/erp42_driver_pkg' returned '0': PYTHONPATH=/root/s_curve_ws/build/erp42_driver_pkg/prefix_override:/usr/lib/python3/dist-packages/colcon_core/task/python/colcon_distutils_commands:/root/s_curve_ws/install/erp42_driver_pkg/lib/python3.10/site-packages:${PYTHONPATH} /usr/bin/python3 -W ignore:setup.py install is deprecated -W ignore:easy_install command is deprecated setup.py develop --uninstall --editable --build-directory /root/s_curve_ws/build/erp42_driver_pkg/build
[3.140s] Invoking command in '/root/s_curve_ws/src/erp42_driver_pkg': PYTHONPATH=/root/s_curve_ws/build/erp42_driver_pkg/prefix_override:/usr/lib/python3/dist-packages/colcon_core/task/python/colcon_distutils_commands:/root/s_curve_ws/install/erp42_driver_pkg/lib/python3.10/site-packages:${PYTHONPATH} /usr/bin/python3 -W ignore:setup.py install is deprecated -W ignore:easy_install command is deprecated setup.py egg_info --egg-base ../../build/erp42_driver_pkg build --build-base /root/s_curve_ws/build/erp42_driver_pkg/build install --record /root/s_curve_ws/build/erp42_driver_pkg/install.log --single-version-externally-managed install_data --force
[3.507s] running egg_info
[3.520s] writing ../../build/erp42_driver_pkg/erp42_driver_pkg.egg-info/PKG-INFO
[3.523s] writing dependency_links to ../../build/erp42_driver_pkg/erp42_driver_pkg.egg-info/dependency_links.txt
[3.523s] writing entry points to ../../build/erp42_driver_pkg/erp42_driver_pkg.egg-info/entry_points.txt
[3.523s] writing requirements to ../../build/erp42_driver_pkg/erp42_driver_pkg.egg-info/requires.txt
[3.524s] writing top-level names to ../../build/erp42_driver_pkg/erp42_driver_pkg.egg-info/top_level.txt
[3.528s] reading manifest file '../../build/erp42_driver_pkg/erp42_driver_pkg.egg-info/SOURCES.txt'
[3.539s] writing manifest file '../../build/erp42_driver_pkg/erp42_driver_pkg.egg-info/SOURCES.txt'
[3.539s] running build
[3.540s] running build_py
[3.540s] creating /root/s_curve_ws/build/erp42_driver_pkg/build
[3.540s] creating /root/s_curve_ws/build/erp42_driver_pkg/build/lib
[3.540s] creating /root/s_curve_ws/build/erp42_driver_pkg/build/lib/erp42_driver_pkg
[3.540s] copying erp42_driver_pkg/erp42_driver_node.py -> /root/s_curve_ws/build/erp42_driver_pkg/build/lib/erp42_driver_pkg
[3.540s] copying erp42_driver_pkg/__init__.py -> /root/s_curve_ws/build/erp42_driver_pkg/build/lib/erp42_driver_pkg
[3.540s] running install
[3.540s] running install_lib
[3.541s] creating /root/s_curve_ws/install/erp42_driver_pkg/lib/python3.10/site-packages/erp42_driver_pkg
[3.542s] copying /root/s_curve_ws/build/erp42_driver_pkg/build/lib/erp42_driver_pkg/erp42_driver_node.py -> /root/s_curve_ws/install/erp42_driver_pkg/lib/python3.10/site-packages/erp42_driver_pkg
[3.543s] copying /root/s_curve_ws/build/erp42_driver_pkg/build/lib/erp42_driver_pkg/__init__.py -> /root/s_curve_ws/install/erp42_driver_pkg/lib/python3.10/site-packages/erp42_driver_pkg
[3.547s] byte-compiling /root/s_curve_ws/install/erp42_driver_pkg/lib/python3.10/site-packages/erp42_driver_pkg/erp42_driver_node.py to erp42_driver_node.cpython-310.pyc
[3.549s] byte-compiling /root/s_curve_ws/install/erp42_driver_pkg/lib/python3.10/site-packages/erp42_driver_pkg/__init__.py to __init__.cpython-310.pyc
[3.556s] running install_data
[3.556s] copying resource/erp42_driver_pkg -> /root/s_curve_ws/install/erp42_driver_pkg/share/ament_index/resource_index/packages
[3.556s] copying package.xml -> /root/s_curve_ws/install/erp42_driver_pkg/share/erp42_driver_pkg
[3.556s] running install_egg_info
[3.557s] Copying ../../build/erp42_driver_pkg/erp42_driver_pkg.egg-info to /root/s_curve_ws/install/erp42_driver_pkg/lib/python3.10/site-packages/erp42_driver_pkg-0.0.0-py3.10.egg-info
[3.561s] running install_scripts
[3.621s] Installing erp42_driver_node script to /root/s_curve_ws/install/erp42_driver_pkg/lib/erp42_driver_pkg
[3.622s] writing list of installed files to '/root/s_curve_ws/build/erp42_driver_pkg/install.log'
[3.708s] Invoked command in '/root/s_curve_ws/src/erp42_driver_pkg' returned '0': PYTHONPATH=/root/s_curve_ws/build/erp42_driver_pkg/prefix_override:/usr/lib/python3/dist-packages/colcon_core/task/python/colcon_distutils_commands:/root/s_curve_ws/install/erp42_driver_pkg/lib/python3.10/site-packages:${PYTHONPATH} /usr/bin/python3 -W ignore:setup.py install is deprecated -W ignore:easy_install command is deprecated setup.py egg_info --egg-base ../../build/erp42_driver_pkg build --build-base /root/s_curve_ws/build/erp42_driver_pkg/build install --record /root/s_curve_ws/build/erp42_driver_pkg/install.log --single-version-externally-managed install_data --force
