[4.472s] Invoking command in '/root/s_curve_ws/src/perception_pkg': PYTHONPATH=/root/s_curve_ws/build/perception_pkg/prefix_override:/usr/lib/python3/dist-packages/colcon_core/task/python/colcon_distutils_commands:/root/s_curve_ws/install/perception_pkg/lib/python3.10/site-packages:${PYTHONPATH} /usr/bin/python3 -W ignore:setup.py install is deprecated -W ignore:easy_install command is deprecated setup.py egg_info --egg-base ../../build/perception_pkg build --build-base /root/s_curve_ws/build/perception_pkg/build install --record /root/s_curve_ws/build/perception_pkg/install.log --single-version-externally-managed install_data
[5.108s] running egg_info
[5.110s] writing ../../build/perception_pkg/perception_pkg.egg-info/PKG-INFO
[5.111s] writing dependency_links to ../../build/perception_pkg/perception_pkg.egg-info/dependency_links.txt
[5.116s] writing entry points to ../../build/perception_pkg/perception_pkg.egg-info/entry_points.txt
[5.116s] writing requirements to ../../build/perception_pkg/perception_pkg.egg-info/requires.txt
[5.116s] writing top-level names to ../../build/perception_pkg/perception_pkg.egg-info/top_level.txt
[5.117s] reading manifest file '../../build/perception_pkg/perception_pkg.egg-info/SOURCES.txt'
[5.137s] writing manifest file '../../build/perception_pkg/perception_pkg.egg-info/SOURCES.txt'
[5.137s] running build
[5.137s] running build_py
[5.138s] running install
[5.138s] running install_lib
[5.142s] running install_data
[5.142s] running install_egg_info
[5.145s] removing '/root/s_curve_ws/install/perception_pkg/lib/python3.10/site-packages/perception_pkg-0.0.0-py3.10.egg-info' (and everything under it)
[5.146s] Copying ../../build/perception_pkg/perception_pkg.egg-info to /root/s_curve_ws/install/perception_pkg/lib/python3.10/site-packages/perception_pkg-0.0.0-py3.10.egg-info
[5.157s] running install_scripts
[5.214s] Installing perception_node script to /root/s_curve_ws/install/perception_pkg/lib/perception_pkg
[5.215s] writing list of installed files to '/root/s_curve_ws/build/perception_pkg/install.log'
[5.407s] Invoked command in '/root/s_curve_ws/src/perception_pkg' returned '0': PYTHONPATH=/root/s_curve_ws/build/perception_pkg/prefix_override:/usr/lib/python3/dist-packages/colcon_core/task/python/colcon_distutils_commands:/root/s_curve_ws/install/perception_pkg/lib/python3.10/site-packages:${PYTHONPATH} /usr/bin/python3 -W ignore:setup.py install is deprecated -W ignore:easy_install command is deprecated setup.py egg_info --egg-base ../../build/perception_pkg build --build-base /root/s_curve_ws/build/perception_pkg/build install --record /root/s_curve_ws/build/perception_pkg/install.log --single-version-externally-managed install_data
