[2.459s] Invoking command in '/root/s_curve_ws/build/perception_pkg': PYTHONPATH=/root/s_curve_ws/build/perception_pkg/prefix_override:/usr/lib/python3/dist-packages/colcon_core/task/python/colcon_distutils_commands:/root/s_curve_ws/install/perception_pkg/lib/python3.10/site-packages:${PYTHONPATH} /usr/bin/python3 -W ignore:setup.py install is deprecated -W ignore:easy_install command is deprecated setup.py develop --editable --build-directory /root/s_curve_ws/build/perception_pkg/build --no-deps symlink_data
[2.869s] running develop
[3.106s] running egg_info
[3.109s] creating perception_pkg.egg-info
[3.109s] writing perception_pkg.egg-info/PKG-INFO
[3.110s] writing dependency_links to perception_pkg.egg-info/dependency_links.txt
[3.110s] writing entry points to perception_pkg.egg-info/entry_points.txt
[3.111s] writing requirements to perception_pkg.egg-info/requires.txt
[3.111s] writing top-level names to perception_pkg.egg-info/top_level.txt
[3.117s] writing manifest file 'perception_pkg.egg-info/SOURCES.txt'
[3.118s] reading manifest file 'perception_pkg.egg-info/SOURCES.txt'
[3.118s] writing manifest file 'perception_pkg.egg-info/SOURCES.txt'
[3.118s] running build_ext
[3.119s] Creating /root/s_curve_ws/install/perception_pkg/lib/python3.10/site-packages/perception-pkg.egg-link (link to .)
[3.165s] Installing perception_node script to /root/s_curve_ws/install/perception_pkg/lib/perception_pkg
[3.166s] 
[3.166s] Installed /root/s_curve_ws/build/perception_pkg
[3.166s] running symlink_data
[3.166s] creating /root/s_curve_ws/install/perception_pkg/share/ament_index
[3.167s] creating /root/s_curve_ws/install/perception_pkg/share/ament_index/resource_index
[3.167s] creating /root/s_curve_ws/install/perception_pkg/share/ament_index/resource_index/packages
[3.167s] symbolically linking /root/s_curve_ws/build/perception_pkg/resource/perception_pkg -> /root/s_curve_ws/install/perception_pkg/share/ament_index/resource_index/packages
[3.167s] symbolically linking /root/s_curve_ws/build/perception_pkg/package.xml -> /root/s_curve_ws/install/perception_pkg/share/perception_pkg
[3.238s] Invoked command in '/root/s_curve_ws/build/perception_pkg' returned '0': PYTHONPATH=/root/s_curve_ws/build/perception_pkg/prefix_override:/usr/lib/python3/dist-packages/colcon_core/task/python/colcon_distutils_commands:/root/s_curve_ws/install/perception_pkg/lib/python3.10/site-packages:${PYTHONPATH} /usr/bin/python3 -W ignore:setup.py install is deprecated -W ignore:easy_install command is deprecated setup.py develop --editable --build-directory /root/s_curve_ws/build/perception_pkg/build --no-deps symlink_data
