[2.969s] Invoking command in '/root/s_curve_ws/src/cone_detector_dl_pkg': PYTHONPATH=/root/s_curve_ws/build/cone_detector_dl_pkg/prefix_override:/usr/lib/python3/dist-packages/colcon_core/task/python/colcon_distutils_commands:/root/s_curve_ws/install/cone_detector_dl_pkg/lib/python3.10/site-packages:${PYTHONPATH} /usr/bin/python3 -W ignore:setup.py install is deprecated -W ignore:easy_install command is deprecated setup.py egg_info --egg-base ../../build/cone_detector_dl_pkg build --build-base /root/s_curve_ws/build/cone_detector_dl_pkg/build install --record /root/s_curve_ws/build/cone_detector_dl_pkg/install.log --single-version-externally-managed install_data
[3.431s] running egg_info
[3.432s] writing ../../build/cone_detector_dl_pkg/cone_detector_dl_pkg.egg-info/PKG-INFO
[3.433s] writing dependency_links to ../../build/cone_detector_dl_pkg/cone_detector_dl_pkg.egg-info/dependency_links.txt
[3.434s] writing entry points to ../../build/cone_detector_dl_pkg/cone_detector_dl_pkg.egg-info/entry_points.txt
[3.435s] writing requirements to ../../build/cone_detector_dl_pkg/cone_detector_dl_pkg.egg-info/requires.txt
[3.443s] writing top-level names to ../../build/cone_detector_dl_pkg/cone_detector_dl_pkg.egg-info/top_level.txt
[3.451s] reading manifest file '../../build/cone_detector_dl_pkg/cone_detector_dl_pkg.egg-info/SOURCES.txt'
[3.452s] writing manifest file '../../build/cone_detector_dl_pkg/cone_detector_dl_pkg.egg-info/SOURCES.txt'
[3.452s] running build
[3.452s] running build_py
[3.452s] running install
[3.452s] running install_lib
[3.453s] running install_data
[3.453s] running install_egg_info
[3.469s] removing '/root/s_curve_ws/install/cone_detector_dl_pkg/lib/python3.10/site-packages/cone_detector_dl_pkg-0.0.0-py3.10.egg-info' (and everything under it)
[3.469s] Copying ../../build/cone_detector_dl_pkg/cone_detector_dl_pkg.egg-info to /root/s_curve_ws/install/cone_detector_dl_pkg/lib/python3.10/site-packages/cone_detector_dl_pkg-0.0.0-py3.10.egg-info
[3.470s] running install_scripts
[3.528s] Installing cone_detector_node script to /root/s_curve_ws/install/cone_detector_dl_pkg/lib/cone_detector_dl_pkg
[3.528s] writing list of installed files to '/root/s_curve_ws/build/cone_detector_dl_pkg/install.log'
[3.682s] Invoked command in '/root/s_curve_ws/src/cone_detector_dl_pkg' returned '0': PYTHONPATH=/root/s_curve_ws/build/cone_detector_dl_pkg/prefix_override:/usr/lib/python3/dist-packages/colcon_core/task/python/colcon_distutils_commands:/root/s_curve_ws/install/cone_detector_dl_pkg/lib/python3.10/site-packages:${PYTHONPATH} /usr/bin/python3 -W ignore:setup.py install is deprecated -W ignore:easy_install command is deprecated setup.py egg_info --egg-base ../../build/cone_detector_dl_pkg build --build-base /root/s_curve_ws/build/cone_detector_dl_pkg/build install --record /root/s_curve_ws/build/cone_detector_dl_pkg/install.log --single-version-externally-managed install_data
