[2.903s] Invoking command in '/root/s_curve_ws/src/perception_pkg': PYTHONPATH=/root/s_curve_ws/build/perception_pkg/prefix_override:/usr/lib/python3/dist-packages/colcon_core/task/python/colcon_distutils_commands:/root/s_curve_ws/install/perception_pkg/lib/python3.10/site-packages:${PYTHONPATH} /usr/bin/python3 -W ignore:setup.py install is deprecated -W ignore:easy_install command is deprecated setup.py egg_info --egg-base ../../build/perception_pkg build --build-base /root/s_curve_ws/build/perception_pkg/build install --record /root/s_curve_ws/build/perception_pkg/install.log --single-version-externally-managed install_data
[3.394s] running egg_info
[3.397s] writing ../../build/perception_pkg/perception_pkg.egg-info/PKG-INFO
[3.397s] writing dependency_links to ../../build/perception_pkg/perception_pkg.egg-info/dependency_links.txt
[3.397s] writing entry points to ../../build/perception_pkg/perception_pkg.egg-info/entry_points.txt
[3.397s] writing requirements to ../../build/perception_pkg/perception_pkg.egg-info/requires.txt
[3.397s] writing top-level names to ../../build/perception_pkg/perception_pkg.egg-info/top_level.txt
[3.408s] reading manifest file '../../build/perception_pkg/perception_pkg.egg-info/SOURCES.txt'
[3.408s] writing manifest file '../../build/perception_pkg/perception_pkg.egg-info/SOURCES.txt'
[3.408s] running build
[3.408s] running build_py
[3.409s] running install
[3.409s] running install_lib
[3.409s] running install_data
[3.410s] running install_egg_info
[3.426s] removing '/root/s_curve_ws/install/perception_pkg/lib/python3.10/site-packages/perception_pkg-0.0.0-py3.10.egg-info' (and everything under it)
[3.426s] Copying ../../build/perception_pkg/perception_pkg.egg-info to /root/s_curve_ws/install/perception_pkg/lib/python3.10/site-packages/perception_pkg-0.0.0-py3.10.egg-info
[3.430s] running install_scripts
[3.491s] Installing perception_node script to /root/s_curve_ws/install/perception_pkg/lib/perception_pkg
[3.491s] writing list of installed files to '/root/s_curve_ws/build/perception_pkg/install.log'
[3.613s] Invoked command in '/root/s_curve_ws/src/perception_pkg' returned '0': PYTHONPATH=/root/s_curve_ws/build/perception_pkg/prefix_override:/usr/lib/python3/dist-packages/colcon_core/task/python/colcon_distutils_commands:/root/s_curve_ws/install/perception_pkg/lib/python3.10/site-packages:${PYTHONPATH} /usr/bin/python3 -W ignore:setup.py install is deprecated -W ignore:easy_install command is deprecated setup.py egg_info --egg-base ../../build/perception_pkg build --build-base /root/s_curve_ws/build/perception_pkg/build install --record /root/s_curve_ws/build/perception_pkg/install.log --single-version-externally-managed install_data
