[3.013s] Invoking command in '/root/s_curve_ws/src/lidar_pkg': PYTHONPATH=/root/s_curve_ws/build/lidar_pkg/prefix_override:/usr/lib/python3/dist-packages/colcon_core/task/python/colcon_distutils_commands:/root/s_curve_ws/install/lidar_pkg/lib/python3.10/site-packages:${PYTHONPATH} /usr/bin/python3 -W ignore:setup.py install is deprecated -W ignore:easy_install command is deprecated setup.py egg_info --egg-base ../../build/lidar_pkg build --build-base /root/s_curve_ws/build/lidar_pkg/build install --record /root/s_curve_ws/build/lidar_pkg/install.log --single-version-externally-managed install_data
[3.548s] running egg_info
[3.550s] writing ../../build/lidar_pkg/lidar_pkg.egg-info/PKG-INFO
[3.566s] writing dependency_links to ../../build/lidar_pkg/lidar_pkg.egg-info/dependency_links.txt
[3.567s] writing entry points to ../../build/lidar_pkg/lidar_pkg.egg-info/entry_points.txt
[3.567s] writing requirements to ../../build/lidar_pkg/lidar_pkg.egg-info/requires.txt
[3.628s] writing top-level names to ../../build/lidar_pkg/lidar_pkg.egg-info/top_level.txt
[3.628s] reading manifest file '../../build/lidar_pkg/lidar_pkg.egg-info/SOURCES.txt'
[3.628s] writing manifest file '../../build/lidar_pkg/lidar_pkg.egg-info/SOURCES.txt'
[3.629s] running build
[3.629s] running build_py
[3.629s] running install
[3.629s] running install_lib
[3.630s] running install_data
[3.630s] running install_egg_info
[3.630s] removing '/root/s_curve_ws/install/lidar_pkg/lib/python3.10/site-packages/lidar_pkg-0.0.0-py3.10.egg-info' (and everything under it)
[3.630s] Copying ../../build/lidar_pkg/lidar_pkg.egg-info to /root/s_curve_ws/install/lidar_pkg/lib/python3.10/site-packages/lidar_pkg-0.0.0-py3.10.egg-info
[3.631s] running install_scripts
[3.680s] Installing lidar_sensor_node script to /root/s_curve_ws/install/lidar_pkg/lib/lidar_pkg
[3.681s] writing list of installed files to '/root/s_curve_ws/build/lidar_pkg/install.log'
[3.711s] Invoked command in '/root/s_curve_ws/src/lidar_pkg' returned '0': PYTHONPATH=/root/s_curve_ws/build/lidar_pkg/prefix_override:/usr/lib/python3/dist-packages/colcon_core/task/python/colcon_distutils_commands:/root/s_curve_ws/install/lidar_pkg/lib/python3.10/site-packages:${PYTHONPATH} /usr/bin/python3 -W ignore:setup.py install is deprecated -W ignore:easy_install command is deprecated setup.py egg_info --egg-base ../../build/lidar_pkg build --build-base /root/s_curve_ws/build/lidar_pkg/build install --record /root/s_curve_ws/build/lidar_pkg/install.log --single-version-externally-managed install_data
