[4.588s] Invoking command in '/root/s_curve_ws/src/lidar_pkg': PYTHONPATH=/root/s_curve_ws/build/lidar_pkg/prefix_override:/usr/lib/python3/dist-packages/colcon_core/task/python/colcon_distutils_commands:/root/s_curve_ws/install/lidar_pkg/lib/python3.10/site-packages:${PYTHONPATH} /usr/bin/python3 -W ignore:setup.py install is deprecated -W ignore:easy_install command is deprecated setup.py egg_info --egg-base ../../build/lidar_pkg build --build-base /root/s_curve_ws/build/lidar_pkg/build install --record /root/s_curve_ws/build/lidar_pkg/install.log --single-version-externally-managed install_data
[5.419s] running egg_info
[5.419s] writing ../../build/lidar_pkg/lidar_pkg.egg-info/PKG-INFO
[5.420s] writing dependency_links to ../../build/lidar_pkg/lidar_pkg.egg-info/dependency_links.txt
[5.421s] writing entry points to ../../build/lidar_pkg/lidar_pkg.egg-info/entry_points.txt
[5.422s] writing requirements to ../../build/lidar_pkg/lidar_pkg.egg-info/requires.txt
[5.424s] writing top-level names to ../../build/lidar_pkg/lidar_pkg.egg-info/top_level.txt
[5.424s] reading manifest file '../../build/lidar_pkg/lidar_pkg.egg-info/SOURCES.txt'
[5.426s] writing manifest file '../../build/lidar_pkg/lidar_pkg.egg-info/SOURCES.txt'
[5.428s] running build
[5.428s] running build_py
[5.428s] running install
[5.428s] running install_lib
[5.428s] running install_data
[5.428s] running install_egg_info
[5.428s] removing '/root/s_curve_ws/install/lidar_pkg/lib/python3.10/site-packages/lidar_pkg-0.0.0-py3.10.egg-info' (and everything under it)
[5.429s] Copying ../../build/lidar_pkg/lidar_pkg.egg-info to /root/s_curve_ws/install/lidar_pkg/lib/python3.10/site-packages/lidar_pkg-0.0.0-py3.10.egg-info
[5.429s] running install_scripts
[5.429s] Installing lidar_sensor_node script to /root/s_curve_ws/install/lidar_pkg/lib/lidar_pkg
[5.429s] writing list of installed files to '/root/s_curve_ws/build/lidar_pkg/install.log'
[5.498s] Invoked command in '/root/s_curve_ws/src/lidar_pkg' returned '0': PYTHONPATH=/root/s_curve_ws/build/lidar_pkg/prefix_override:/usr/lib/python3/dist-packages/colcon_core/task/python/colcon_distutils_commands:/root/s_curve_ws/install/lidar_pkg/lib/python3.10/site-packages:${PYTHONPATH} /usr/bin/python3 -W ignore:setup.py install is deprecated -W ignore:easy_install command is deprecated setup.py egg_info --egg-base ../../build/lidar_pkg build --build-base /root/s_curve_ws/build/lidar_pkg/build install --record /root/s_curve_ws/build/lidar_pkg/install.log --single-version-externally-managed install_data
