[3.050s] Invoking command in '/root/s_curve_ws/src/path_generation_pkg': PYTHONPATH=/root/s_curve_ws/build/path_generation_pkg/prefix_override:/usr/lib/python3/dist-packages/colcon_core/task/python/colcon_distutils_commands:/root/s_curve_ws/install/path_generation_pkg/lib/python3.10/site-packages:${PYTHONPATH} /usr/bin/python3 -W ignore:setup.py install is deprecated -W ignore:easy_install command is deprecated setup.py egg_info --egg-base ../../build/path_generation_pkg build --build-base /root/s_curve_ws/build/path_generation_pkg/build install --record /root/s_curve_ws/build/path_generation_pkg/install.log --single-version-externally-managed install_data
[3.477s] running egg_info
[3.477s] writing ../../build/path_generation_pkg/path_generation_pkg.egg-info/PKG-INFO
[3.479s] writing dependency_links to ../../build/path_generation_pkg/path_generation_pkg.egg-info/dependency_links.txt
[3.485s] writing entry points to ../../build/path_generation_pkg/path_generation_pkg.egg-info/entry_points.txt
[3.485s] writing requirements to ../../build/path_generation_pkg/path_generation_pkg.egg-info/requires.txt
[3.485s] writing top-level names to ../../build/path_generation_pkg/path_generation_pkg.egg-info/top_level.txt
[3.486s] reading manifest file '../../build/path_generation_pkg/path_generation_pkg.egg-info/SOURCES.txt'
[3.487s] writing manifest file '../../build/path_generation_pkg/path_generation_pkg.egg-info/SOURCES.txt'
[3.488s] running build
[3.489s] running build_py
[3.490s] running install
[3.490s] running install_lib
[3.493s] running install_data
[3.494s] running install_egg_info
[3.506s] removing '/root/s_curve_ws/install/path_generation_pkg/lib/python3.10/site-packages/path_generation_pkg-0.0.0-py3.10.egg-info' (and everything under it)
[3.506s] Copying ../../build/path_generation_pkg/path_generation_pkg.egg-info to /root/s_curve_ws/install/path_generation_pkg/lib/python3.10/site-packages/path_generation_pkg-0.0.0-py3.10.egg-info
[3.506s] running install_scripts
[3.562s] Installing path_generation_node script to /root/s_curve_ws/install/path_generation_pkg/lib/path_generation_pkg
[3.562s] writing list of installed files to '/root/s_curve_ws/build/path_generation_pkg/install.log'
[3.653s] Invoked command in '/root/s_curve_ws/src/path_generation_pkg' returned '0': PYTHONPATH=/root/s_curve_ws/build/path_generation_pkg/prefix_override:/usr/lib/python3/dist-packages/colcon_core/task/python/colcon_distutils_commands:/root/s_curve_ws/install/path_generation_pkg/lib/python3.10/site-packages:${PYTHONPATH} /usr/bin/python3 -W ignore:setup.py install is deprecated -W ignore:easy_install command is deprecated setup.py egg_info --egg-base ../../build/path_generation_pkg build --build-base /root/s_curve_ws/build/path_generation_pkg/build install --record /root/s_curve_ws/build/path_generation_pkg/install.log --single-version-externally-managed install_data
