[3.082s] Invoking command in '/root/s_curve_ws/src/lidar_pkg': PYTHONPATH=/root/s_curve_ws/build/lidar_pkg/prefix_override:/usr/lib/python3/dist-packages/colcon_core/task/python/colcon_distutils_commands:/root/s_curve_ws/install/lidar_pkg/lib/python3.10/site-packages:${PYTHONPATH} /usr/bin/python3 -W ignore:setup.py install is deprecated -W ignore:easy_install command is deprecated setup.py egg_info --egg-base ../../build/lidar_pkg build --build-base /root/s_curve_ws/build/lidar_pkg/build install --record /root/s_curve_ws/build/lidar_pkg/install.log --single-version-externally-managed install_data
[3.516s] running egg_info
[3.516s] writing ../../build/lidar_pkg/lidar_pkg.egg-info/PKG-INFO
[3.518s] writing dependency_links to ../../build/lidar_pkg/lidar_pkg.egg-info/dependency_links.txt
[3.519s] writing entry points to ../../build/lidar_pkg/lidar_pkg.egg-info/entry_points.txt
[3.520s] writing requirements to ../../build/lidar_pkg/lidar_pkg.egg-info/requires.txt
[3.522s] writing top-level names to ../../build/lidar_pkg/lidar_pkg.egg-info/top_level.txt
[3.528s] reading manifest file '../../build/lidar_pkg/lidar_pkg.egg-info/SOURCES.txt'
[3.535s] writing manifest file '../../build/lidar_pkg/lidar_pkg.egg-info/SOURCES.txt'
[3.535s] running build
[3.535s] running build_py
[3.535s] running install
[3.535s] running install_lib
[3.537s] running install_data
[3.537s] running install_egg_info
[3.542s] removing '/root/s_curve_ws/install/lidar_pkg/lib/python3.10/site-packages/lidar_pkg-0.0.0-py3.10.egg-info' (and everything under it)
[3.544s] Copying ../../build/lidar_pkg/lidar_pkg.egg-info to /root/s_curve_ws/install/lidar_pkg/lib/python3.10/site-packages/lidar_pkg-0.0.0-py3.10.egg-info
[3.551s] running install_scripts
[3.610s] Installing lidar_sensor_node script to /root/s_curve_ws/install/lidar_pkg/lib/lidar_pkg
[3.610s] writing list of installed files to '/root/s_curve_ws/build/lidar_pkg/install.log'
[3.731s] Invoked command in '/root/s_curve_ws/src/lidar_pkg' returned '0': PYTHONPATH=/root/s_curve_ws/build/lidar_pkg/prefix_override:/usr/lib/python3/dist-packages/colcon_core/task/python/colcon_distutils_commands:/root/s_curve_ws/install/lidar_pkg/lib/python3.10/site-packages:${PYTHONPATH} /usr/bin/python3 -W ignore:setup.py install is deprecated -W ignore:easy_install command is deprecated setup.py egg_info --egg-base ../../build/lidar_pkg build --build-base /root/s_curve_ws/build/lidar_pkg/build install --record /root/s_curve_ws/build/lidar_pkg/install.log --single-version-externally-managed install_data
