running develop
Removing /root/s_curve_ws/install/cone_detector_dl_pkg/lib/python3.10/site-packages/cone-detector-dl-pkg.egg-link (link to .)
running egg_info
writing ../../build/cone_detector_dl_pkg/cone_detector_dl_pkg.egg-info/PKG-INFO
writing dependency_links to ../../build/cone_detector_dl_pkg/cone_detector_dl_pkg.egg-info/dependency_links.txt
writing entry points to ../../build/cone_detector_dl_pkg/cone_detector_dl_pkg.egg-info/entry_points.txt
writing requirements to ../../build/cone_detector_dl_pkg/cone_detector_dl_pkg.egg-info/requires.txt
writing top-level names to ../../build/cone_detector_dl_pkg/cone_detector_dl_pkg.egg-info/top_level.txt
reading manifest file '../../build/cone_detector_dl_pkg/cone_detector_dl_pkg.egg-info/SOURCES.txt'
writing manifest file '../../build/cone_detector_dl_pkg/cone_detector_dl_pkg.egg-info/SOURCES.txt'
running build
running build_py
creating /root/s_curve_ws/build/cone_detector_dl_pkg/build
creating /root/s_curve_ws/build/cone_detector_dl_pkg/build/lib
creating /root/s_curve_ws/build/cone_detector_dl_pkg/build/lib/cone_detector_dl_pkg
copying cone_detector_dl_pkg/__init__.py -> /root/s_curve_ws/build/cone_detector_dl_pkg/build/lib/cone_detector_dl_pkg
copying cone_detector_dl_pkg/cone_detector_node.py -> /root/s_curve_ws/build/cone_detector_dl_pkg/build/lib/cone_detector_dl_pkg
running install
running install_lib
creating /root/s_curve_ws/install/cone_detector_dl_pkg/lib/python3.10/site-packages/cone_detector_dl_pkg
copying /root/s_curve_ws/build/cone_detector_dl_pkg/build/lib/cone_detector_dl_pkg/__init__.py -> /root/s_curve_ws/install/cone_detector_dl_pkg/lib/python3.10/site-packages/cone_detector_dl_pkg
copying /root/s_curve_ws/build/cone_detector_dl_pkg/build/lib/cone_detector_dl_pkg/cone_detector_node.py -> /root/s_curve_ws/install/cone_detector_dl_pkg/lib/python3.10/site-packages/cone_detector_dl_pkg
byte-compiling /root/s_curve_ws/install/cone_detector_dl_pkg/lib/python3.10/site-packages/cone_detector_dl_pkg/__init__.py to __init__.cpython-310.pyc
byte-compiling /root/s_curve_ws/install/cone_detector_dl_pkg/lib/python3.10/site-packages/cone_detector_dl_pkg/cone_detector_node.py to cone_detector_node.cpython-310.pyc
running install_data
copying resource/cone_detector_dl_pkg -> /root/s_curve_ws/install/cone_detector_dl_pkg/share/ament_index/resource_index/packages
copying package.xml -> /root/s_curve_ws/install/cone_detector_dl_pkg/share/cone_detector_dl_pkg
copying models/best.pt -> /root/s_curve_ws/install/cone_detector_dl_pkg/share/cone_detector_dl_pkg/models
running install_egg_info
Copying ../../build/cone_detector_dl_pkg/cone_detector_dl_pkg.egg-info to /root/s_curve_ws/install/cone_detector_dl_pkg/lib/python3.10/site-packages/cone_detector_dl_pkg-0.0.0-py3.10.egg-info
running install_scripts
Installing cone_detector_node script to /root/s_curve_ws/install/cone_detector_dl_pkg/lib/cone_detector_dl_pkg
writing list of installed files to '/root/s_curve_ws/build/cone_detector_dl_pkg/install.log'
