[2.457s] Invoking command in '/root/s_curve_ws/build/cone_detector_dl_pkg': PYTHONPATH=/root/s_curve_ws/build/cone_detector_dl_pkg/prefix_override:/usr/lib/python3/dist-packages/colcon_core/task/python/colcon_distutils_commands:/root/s_curve_ws/install/cone_detector_dl_pkg/lib/python3.10/site-packages:${PYTHONPATH} /usr/bin/python3 -W ignore:setup.py install is deprecated -W ignore:easy_install command is deprecated setup.py develop --uninstall --editable --build-directory /root/s_curve_ws/build/cone_detector_dl_pkg/build
[2.867s] running develop
[3.038s] Removing /root/s_curve_ws/install/cone_detector_dl_pkg/lib/python3.10/site-packages/cone-detector-dl-pkg.egg-link (link to .)
[3.109s] Invoked command in '/root/s_curve_ws/build/cone_detector_dl_pkg' returned '0': PYTHONPATH=/root/s_curve_ws/build/cone_detector_dl_pkg/prefix_override:/usr/lib/python3/dist-packages/colcon_core/task/python/colcon_distutils_commands:/root/s_curve_ws/install/cone_detector_dl_pkg/lib/python3.10/site-packages:${PYTHONPATH} /usr/bin/python3 -W ignore:setup.py install is deprecated -W ignore:easy_install command is deprecated setup.py develop --uninstall --editable --build-directory /root/s_curve_ws/build/cone_detector_dl_pkg/build
[3.109s] Invoking command in '/root/s_curve_ws/src/cone_detector_dl_pkg': PYTHONPATH=/root/s_curve_ws/build/cone_detector_dl_pkg/prefix_override:/usr/lib/python3/dist-packages/colcon_core/task/python/colcon_distutils_commands:/root/s_curve_ws/install/cone_detector_dl_pkg/lib/python3.10/site-packages:${PYTHONPATH} /usr/bin/python3 -W ignore:setup.py install is deprecated -W ignore:easy_install command is deprecated setup.py egg_info --egg-base ../../build/cone_detector_dl_pkg build --build-base /root/s_curve_ws/build/cone_detector_dl_pkg/build install --record /root/s_curve_ws/build/cone_detector_dl_pkg/install.log --single-version-externally-managed install_data --force
[3.567s] running egg_info
[3.576s] writing ../../build/cone_detector_dl_pkg/cone_detector_dl_pkg.egg-info/PKG-INFO
[3.576s] writing dependency_links to ../../build/cone_detector_dl_pkg/cone_detector_dl_pkg.egg-info/dependency_links.txt
[3.577s] writing entry points to ../../build/cone_detector_dl_pkg/cone_detector_dl_pkg.egg-info/entry_points.txt
[3.577s] writing requirements to ../../build/cone_detector_dl_pkg/cone_detector_dl_pkg.egg-info/requires.txt
[3.577s] writing top-level names to ../../build/cone_detector_dl_pkg/cone_detector_dl_pkg.egg-info/top_level.txt
[3.578s] reading manifest file '../../build/cone_detector_dl_pkg/cone_detector_dl_pkg.egg-info/SOURCES.txt'
[3.580s] writing manifest file '../../build/cone_detector_dl_pkg/cone_detector_dl_pkg.egg-info/SOURCES.txt'
[3.580s] running build
[3.580s] running build_py
[3.582s] creating /root/s_curve_ws/build/cone_detector_dl_pkg/build
[3.582s] creating /root/s_curve_ws/build/cone_detector_dl_pkg/build/lib
[3.582s] creating /root/s_curve_ws/build/cone_detector_dl_pkg/build/lib/cone_detector_dl_pkg
[3.590s] copying cone_detector_dl_pkg/__init__.py -> /root/s_curve_ws/build/cone_detector_dl_pkg/build/lib/cone_detector_dl_pkg
[3.590s] copying cone_detector_dl_pkg/cone_detector_node.py -> /root/s_curve_ws/build/cone_detector_dl_pkg/build/lib/cone_detector_dl_pkg
[3.590s] running install
[3.590s] running install_lib
[3.590s] creating /root/s_curve_ws/install/cone_detector_dl_pkg/lib/python3.10/site-packages/cone_detector_dl_pkg
[3.592s] copying /root/s_curve_ws/build/cone_detector_dl_pkg/build/lib/cone_detector_dl_pkg/__init__.py -> /root/s_curve_ws/install/cone_detector_dl_pkg/lib/python3.10/site-packages/cone_detector_dl_pkg
[3.592s] copying /root/s_curve_ws/build/cone_detector_dl_pkg/build/lib/cone_detector_dl_pkg/cone_detector_node.py -> /root/s_curve_ws/install/cone_detector_dl_pkg/lib/python3.10/site-packages/cone_detector_dl_pkg
[3.592s] byte-compiling /root/s_curve_ws/install/cone_detector_dl_pkg/lib/python3.10/site-packages/cone_detector_dl_pkg/__init__.py to __init__.cpython-310.pyc
[3.593s] byte-compiling /root/s_curve_ws/install/cone_detector_dl_pkg/lib/python3.10/site-packages/cone_detector_dl_pkg/cone_detector_node.py to cone_detector_node.cpython-310.pyc
[3.599s] running install_data
[3.599s] copying resource/cone_detector_dl_pkg -> /root/s_curve_ws/install/cone_detector_dl_pkg/share/ament_index/resource_index/packages
[3.599s] copying package.xml -> /root/s_curve_ws/install/cone_detector_dl_pkg/share/cone_detector_dl_pkg
[3.599s] copying models/best.pt -> /root/s_curve_ws/install/cone_detector_dl_pkg/share/cone_detector_dl_pkg/models
[3.956s] running install_egg_info
[3.958s] Copying ../../build/cone_detector_dl_pkg/cone_detector_dl_pkg.egg-info to /root/s_curve_ws/install/cone_detector_dl_pkg/lib/python3.10/site-packages/cone_detector_dl_pkg-0.0.0-py3.10.egg-info
[3.959s] running install_scripts
[3.996s] Installing cone_detector_node script to /root/s_curve_ws/install/cone_detector_dl_pkg/lib/cone_detector_dl_pkg
[3.997s] writing list of installed files to '/root/s_curve_ws/build/cone_detector_dl_pkg/install.log'
[4.038s] Invoked command in '/root/s_curve_ws/src/cone_detector_dl_pkg' returned '0': PYTHONPATH=/root/s_curve_ws/build/cone_detector_dl_pkg/prefix_override:/usr/lib/python3/dist-packages/colcon_core/task/python/colcon_distutils_commands:/root/s_curve_ws/install/cone_detector_dl_pkg/lib/python3.10/site-packages:${PYTHONPATH} /usr/bin/python3 -W ignore:setup.py install is deprecated -W ignore:easy_install command is deprecated setup.py egg_info --egg-base ../../build/cone_detector_dl_pkg build --build-base /root/s_curve_ws/build/cone_detector_dl_pkg/build install --record /root/s_curve_ws/build/cone_detector_dl_pkg/install.log --single-version-externally-managed install_data --force
