[3.111s] Invoking command in '/root/s_curve_ws/src/erp42_driver_pkg': PYTHONPATH=/root/s_curve_ws/build/erp42_driver_pkg/prefix_override:/usr/lib/python3/dist-packages/colcon_core/task/python/colcon_distutils_commands:/root/s_curve_ws/install/erp42_driver_pkg/lib/python3.10/site-packages:${PYTHONPATH} /usr/bin/python3 -W ignore:setup.py install is deprecated -W ignore:easy_install command is deprecated setup.py egg_info --egg-base ../../build/erp42_driver_pkg build --build-base /root/s_curve_ws/build/erp42_driver_pkg/build install --record /root/s_curve_ws/build/erp42_driver_pkg/install.log --single-version-externally-managed install_data
[3.655s] running egg_info
[3.658s] writing ../../build/erp42_driver_pkg/erp42_driver_pkg.egg-info/PKG-INFO
[3.659s] writing dependency_links to ../../build/erp42_driver_pkg/erp42_driver_pkg.egg-info/dependency_links.txt
[3.659s] writing entry points to ../../build/erp42_driver_pkg/erp42_driver_pkg.egg-info/entry_points.txt
[3.663s] writing requirements to ../../build/erp42_driver_pkg/erp42_driver_pkg.egg-info/requires.txt
[3.664s] writing top-level names to ../../build/erp42_driver_pkg/erp42_driver_pkg.egg-info/top_level.txt
[3.665s] reading manifest file '../../build/erp42_driver_pkg/erp42_driver_pkg.egg-info/SOURCES.txt'
[3.665s] writing manifest file '../../build/erp42_driver_pkg/erp42_driver_pkg.egg-info/SOURCES.txt'
[3.665s] running build
[3.665s] running build_py
[3.666s] running install
[3.666s] running install_lib
[3.666s] running install_data
[3.671s] running install_egg_info
[3.717s] removing '/root/s_curve_ws/install/erp42_driver_pkg/lib/python3.10/site-packages/erp42_driver_pkg-0.0.0-py3.10.egg-info' (and everything under it)
[3.717s] Copying ../../build/erp42_driver_pkg/erp42_driver_pkg.egg-info to /root/s_curve_ws/install/erp42_driver_pkg/lib/python3.10/site-packages/erp42_driver_pkg-0.0.0-py3.10.egg-info
[3.718s] running install_scripts
[3.786s] Installing erp42_driver_node script to /root/s_curve_ws/install/erp42_driver_pkg/lib/erp42_driver_pkg
[3.787s] writing list of installed files to '/root/s_curve_ws/build/erp42_driver_pkg/install.log'
[3.820s] Invoked command in '/root/s_curve_ws/src/erp42_driver_pkg' returned '0': PYTHONPATH=/root/s_curve_ws/build/erp42_driver_pkg/prefix_override:/usr/lib/python3/dist-packages/colcon_core/task/python/colcon_distutils_commands:/root/s_curve_ws/install/erp42_driver_pkg/lib/python3.10/site-packages:${PYTHONPATH} /usr/bin/python3 -W ignore:setup.py install is deprecated -W ignore:easy_install command is deprecated setup.py egg_info --egg-base ../../build/erp42_driver_pkg build --build-base /root/s_curve_ws/build/erp42_driver_pkg/build install --record /root/s_curve_ws/build/erp42_driver_pkg/install.log --single-version-externally-managed install_data
