running develop
Removing /root/s_curve_ws/install/perception_pkg/lib/python3.10/site-packages/perception-pkg.egg-link (link to .)
running egg_info
writing ../../build/perception_pkg/perception_pkg.egg-info/PKG-INFO
writing dependency_links to ../../build/perception_pkg/perception_pkg.egg-info/dependency_links.txt
writing entry points to ../../build/perception_pkg/perception_pkg.egg-info/entry_points.txt
writing requirements to ../../build/perception_pkg/perception_pkg.egg-info/requires.txt
writing top-level names to ../../build/perception_pkg/perception_pkg.egg-info/top_level.txt
reading manifest file '../../build/perception_pkg/perception_pkg.egg-info/SOURCES.txt'
writing manifest file '../../build/perception_pkg/perception_pkg.egg-info/SOURCES.txt'
running build
running build_py
creating /root/s_curve_ws/build/perception_pkg/build
creating /root/s_curve_ws/build/perception_pkg/build/lib
creating /root/s_curve_ws/build/perception_pkg/build/lib/perception_pkg
copying perception_pkg/__init__.py -> /root/s_curve_ws/build/perception_pkg/build/lib/perception_pkg
copying perception_pkg/perception_node.py -> /root/s_curve_ws/build/perception_pkg/build/lib/perception_pkg
running install
running install_lib
creating /root/s_curve_ws/install/perception_pkg/lib/python3.10/site-packages/perception_pkg
copying /root/s_curve_ws/build/perception_pkg/build/lib/perception_pkg/__init__.py -> /root/s_curve_ws/install/perception_pkg/lib/python3.10/site-packages/perception_pkg
copying /root/s_curve_ws/build/perception_pkg/build/lib/perception_pkg/perception_node.py -> /root/s_curve_ws/install/perception_pkg/lib/python3.10/site-packages/perception_pkg
byte-compiling /root/s_curve_ws/install/perception_pkg/lib/python3.10/site-packages/perception_pkg/__init__.py to __init__.cpython-310.pyc
byte-compiling /root/s_curve_ws/install/perception_pkg/lib/python3.10/site-packages/perception_pkg/perception_node.py to perception_node.cpython-310.pyc
running install_data
copying resource/perception_pkg -> /root/s_curve_ws/install/perception_pkg/share/ament_index/resource_index/packages
copying package.xml -> /root/s_curve_ws/install/perception_pkg/share/perception_pkg
running install_egg_info
Copying ../../build/perception_pkg/perception_pkg.egg-info to /root/s_curve_ws/install/perception_pkg/lib/python3.10/site-packages/perception_pkg-0.0.0-py3.10.egg-info
running install_scripts
Installing perception_node script to /root/s_curve_ws/install/perception_pkg/lib/perception_pkg
writing list of installed files to '/root/s_curve_ws/build/perception_pkg/install.log'
